{"C:\\Users\\agust\\OneDrive\\Escritorio\\Facultad\\Equilibrio-app\\apps\\backend\\src\\index.ts": {"path":"C:\\Users\\agust\\OneDrive\\Escritorio\\Facultad\\Equilibrio-app\\apps\\backend\\src\\index.ts","statementMap":{"0":{"start":{"line":1,"column":0},"end":{"line":1,"column":24}},"1":{"start":{"line":2,"column":0},"end":{"line":2,"column":53}},"2":{"start":{"line":3,"column":0},"end":{"line":3,"column":25}},"3":{"start":{"line":4,"column":0},"end":{"line":4,"column":29}},"4":{"start":{"line":5,"column":0},"end":{"line":5,"column":41}},"5":{"start":{"line":6,"column":0},"end":{"line":6,"column":38}},"6":{"start":{"line":7,"column":0},"end":{"line":7,"column":null}},"7":{"start":{"line":16,"column":0},"end":{"line":16,"column":54}},"8":{"start":{"line":17,"column":0},"end":{"line":17,"column":89}},"9":{"start":{"line":18,"column":0},"end":{"line":18,"column":87}},"10":{"start":{"line":19,"column":0},"end":{"line":19,"column":69}},"11":{"start":{"line":20,"column":0},"end":{"line":20,"column":61}},"12":{"start":{"line":21,"column":0},"end":{"line":21,"column":77}},"13":{"start":{"line":22,"column":0},"end":{"line":22,"column":64}},"14":{"start":{"line":24,"column":12},"end":{"line":24,"column":21}},"15":{"start":{"line":25,"column":13},"end":{"line":25,"column":17}},"16":{"start":{"line":26,"column":22},"end":{"line":26,"column":56}},"17":{"start":{"line":27,"column":21},"end":{"line":27,"column":62}},"18":{"start":{"line":29,"column":0},"end":{"line":29,"column":49}},"19":{"start":{"line":31,"column":17},"end":{"line":31,"column":43}},"20":{"start":{"line":32,"column":0},"end":{"line":32,"column":24}},"21":{"start":{"line":33,"column":30},"end":{"line":33,"column":71}},"22":{"start":{"line":34,"column":29},"end":{"line":34,"column":69}},"23":{"start":{"line":35,"column":30},"end":{"line":35,"column":78}},"24":{"start":{"line":36,"column":26},"end":{"line":36,"column":51}},"25":{"start":{"line":37,"column":24},"end":{"line":37,"column":45}},"26":{"start":{"line":38,"column":35},"end":{"line":41,"column":null}},"27":{"start":{"line":43,"column":37},"end":{"line":45,"column":null}},"28":{"start":{"line":47,"column":32},"end":{"line":49,"column":null}},"29":{"start":{"line":53,"column":0},"end":{"line":55,"column":1}},"30":{"start":{"line":54,"column":1},"end":{"line":54,"column":50}},"31":{"start":{"line":57,"column":29},"end":{"line":68,"column":1}},"32":{"start":{"line":58,"column":1},"end":{"line":60,"column":2}},"33":{"start":{"line":59,"column":2},"end":{"line":59,"column":18}},"34":{"start":{"line":62,"column":16},"end":{"line":62,"column":42}},"35":{"start":{"line":63,"column":1},"end":{"line":65,"column":2}},"36":{"start":{"line":64,"column":2},"end":{"line":64,"column":18}},"37":{"start":{"line":67,"column":1},"end":{"line":67,"column":15}},"38":{"start":{"line":70,"column":20},"end":{"line":76,"column":1}},"39":{"start":{"line":71,"column":1},"end":{"line":73,"column":2}},"40":{"start":{"line":72,"column":2},"end":{"line":72,"column":15}},"41":{"start":{"line":75,"column":1},"end":{"line":75,"column":15}},"42":{"start":{"line":78,"column":23},"end":{"line":84,"column":1}},"43":{"start":{"line":79,"column":1},"end":{"line":81,"column":2}},"44":{"start":{"line":80,"column":2},"end":{"line":80,"column":15}},"45":{"start":{"line":83,"column":1},"end":{"line":83,"column":15}},"46":{"start":{"line":88,"column":23},"end":{"line":94,"column":1}},"47":{"start":{"line":89,"column":1},"end":{"line":91,"column":2}},"48":{"start":{"line":90,"column":2},"end":{"line":90,"column":15}},"49":{"start":{"line":93,"column":1},"end":{"line":93,"column":23}},"50":{"start":{"line":96,"column":0},"end":{"line":96,"column":16}},"51":{"start":{"line":97,"column":0},"end":{"line":97,"column":24}},"52":{"start":{"line":99,"column":0},"end":{"line":113,"column":3}},"53":{"start":{"line":100,"column":1},"end":{"line":112,"column":4}},"54":{"start":{"line":115,"column":0},"end":{"line":121,"column":3}},"55":{"start":{"line":116,"column":1},"end":{"line":120,"column":4}},"56":{"start":{"line":123,"column":0},"end":{"line":132,"column":3}},"57":{"start":{"line":124,"column":1},"end":{"line":131,"column":2}},"58":{"start":{"line":125,"column":27},"end":{"line":125,"column":78}},"59":{"start":{"line":127,"column":2},"end":{"line":127,"column":40}},"60":{"start":{"line":129,"column":18},"end":{"line":129,"column":77}},"61":{"start":{"line":130,"column":2},"end":{"line":130,"column":43}},"62":{"start":{"line":134,"column":0},"end":{"line":157,"column":3}},"63":{"start":{"line":135,"column":1},"end":{"line":156,"column":2}},"64":{"start":{"line":136,"column":17},"end":{"line":136,"column":84}},"65":{"start":{"line":137,"column":18},"end":{"line":137,"column":87}},"66":{"start":{"line":138,"column":15},"end":{"line":138,"column":54}},"67":{"start":{"line":139,"column":19},"end":{"line":139,"column":63}},"68":{"start":{"line":140,"column":17},"end":{"line":140,"column":46}},"69":{"start":{"line":141,"column":20},"end":{"line":141,"column":55}},"70":{"start":{"line":143,"column":17},"end":{"line":150,"column":4}},"71":{"start":{"line":152,"column":2},"end":{"line":152,"column":26}},"72":{"start":{"line":154,"column":18},"end":{"line":154,"column":77}},"73":{"start":{"line":155,"column":2},"end":{"line":155,"column":43}},"74":{"start":{"line":159,"column":0},"end":{"line":200,"column":3}},"75":{"start":{"line":160,"column":1},"end":{"line":199,"column":2}},"76":{"start":{"line":161,"column":13},"end":{"line":161,"column":76}},"77":{"start":{"line":171,"column":6},"end":{"line":171,"column":14}},"78":{"start":{"line":173,"column":2},"end":{"line":175,"column":3}},"79":{"start":{"line":174,"column":3},"end":{"line":174,"column":82}},"80":{"start":{"line":177,"column":19},"end":{"line":177,"column":59}},"81":{"start":{"line":178,"column":2},"end":{"line":180,"column":3}},"82":{"start":{"line":179,"column":3},"end":{"line":179,"column":73}},"83":{"start":{"line":182,"column":22},"end":{"line":191,"column":null}},"84":{"start":{"line":194,"column":2},"end":{"line":194,"column":58}},"85":{"start":{"line":195,"column":2},"end":{"line":195,"column":31}},"86":{"start":{"line":197,"column":18},"end":{"line":197,"column":77}},"87":{"start":{"line":198,"column":2},"end":{"line":198,"column":43}},"88":{"start":{"line":202,"column":0},"end":{"line":216,"column":3}},"89":{"start":{"line":203,"column":1},"end":{"line":215,"column":2}},"90":{"start":{"line":204,"column":13},"end":{"line":204,"column":76}},"91":{"start":{"line":205,"column":22},"end":{"line":205,"column":62}},"92":{"start":{"line":207,"column":2},"end":{"line":209,"column":3}},"93":{"start":{"line":208,"column":3},"end":{"line":208,"column":73}},"94":{"start":{"line":211,"column":2},"end":{"line":211,"column":31}},"95":{"start":{"line":213,"column":18},"end":{"line":213,"column":77}},"96":{"start":{"line":214,"column":2},"end":{"line":214,"column":43}},"97":{"start":{"line":218,"column":0},"end":{"line":228,"column":3}},"98":{"start":{"line":219,"column":1},"end":{"line":227,"column":2}},"99":{"start":{"line":220,"column":17},"end":{"line":220,"column":92}},"100":{"start":{"line":221,"column":18},"end":{"line":221,"column":66}},"101":{"start":{"line":223,"column":2},"end":{"line":223,"column":39}},"102":{"start":{"line":225,"column":18},"end":{"line":225,"column":77}},"103":{"start":{"line":226,"column":2},"end":{"line":226,"column":43}},"104":{"start":{"line":230,"column":0},"end":{"line":240,"column":3}},"105":{"start":{"line":231,"column":1},"end":{"line":239,"column":2}},"106":{"start":{"line":232,"column":17},"end":{"line":232,"column":92}},"107":{"start":{"line":233,"column":20},"end":{"line":233,"column":70}},"108":{"start":{"line":235,"column":2},"end":{"line":235,"column":41}},"109":{"start":{"line":237,"column":18},"end":{"line":237,"column":77}},"110":{"start":{"line":238,"column":2},"end":{"line":238,"column":43}},"111":{"start":{"line":242,"column":0},"end":{"line":256,"column":3}},"112":{"start":{"line":243,"column":1},"end":{"line":255,"column":2}},"113":{"start":{"line":244,"column":13},"end":{"line":244,"column":76}},"114":{"start":{"line":245,"column":18},"end":{"line":245,"column":60}},"115":{"start":{"line":247,"column":2},"end":{"line":249,"column":3}},"116":{"start":{"line":248,"column":3},"end":{"line":248,"column":73}},"117":{"start":{"line":251,"column":2},"end":{"line":251,"column":32}},"118":{"start":{"line":253,"column":18},"end":{"line":253,"column":77}},"119":{"start":{"line":254,"column":2},"end":{"line":254,"column":43}},"120":{"start":{"line":258,"column":0},"end":{"line":266,"column":3}},"121":{"start":{"line":259,"column":1},"end":{"line":265,"column":2}},"122":{"start":{"line":260,"column":18},"end":{"line":260,"column":63}},"123":{"start":{"line":261,"column":2},"end":{"line":261,"column":27}},"124":{"start":{"line":263,"column":18},"end":{"line":263,"column":77}},"125":{"start":{"line":264,"column":2},"end":{"line":264,"column":43}},"126":{"start":{"line":268,"column":0},"end":{"line":282,"column":3}},"127":{"start":{"line":269,"column":1},"end":{"line":281,"column":2}},"128":{"start":{"line":270,"column":21},"end":{"line":270,"column":29}},"129":{"start":{"line":272,"column":2},"end":{"line":274,"column":3}},"130":{"start":{"line":273,"column":3},"end":{"line":273,"column":64}},"131":{"start":{"line":276,"column":18},"end":{"line":276,"column":70}},"132":{"start":{"line":277,"column":2},"end":{"line":277,"column":61}},"133":{"start":{"line":279,"column":18},"end":{"line":279,"column":77}},"134":{"start":{"line":280,"column":2},"end":{"line":280,"column":43}},"135":{"start":{"line":284,"column":0},"end":{"line":327,"column":3}},"136":{"start":{"line":285,"column":1},"end":{"line":326,"column":2}},"137":{"start":{"line":296,"column":6},"end":{"line":296,"column":14}},"138":{"start":{"line":299,"column":24},"end":{"line":299,"column":77}},"139":{"start":{"line":300,"column":2},"end":{"line":304,"column":3}},"140":{"start":{"line":301,"column":3},"end":{"line":303,"column":6}},"141":{"start":{"line":306,"column":22},"end":{"line":316,"column":4}},"142":{"start":{"line":318,"column":2},"end":{"line":318,"column":43}},"143":{"start":{"line":320,"column":2},"end":{"line":322,"column":3}},"144":{"start":{"line":321,"column":3},"end":{"line":321,"column":84}},"145":{"start":{"line":324,"column":18},"end":{"line":324,"column":77}},"146":{"start":{"line":325,"column":2},"end":{"line":325,"column":43}},"147":{"start":{"line":329,"column":0},"end":{"line":381,"column":3}},"148":{"start":{"line":330,"column":1},"end":{"line":380,"column":2}},"149":{"start":{"line":336,"column":6},"end":{"line":336,"column":14}},"150":{"start":{"line":338,"column":2},"end":{"line":340,"column":3}},"151":{"start":{"line":339,"column":3},"end":{"line":339,"column":103}},"152":{"start":{"line":342,"column":2},"end":{"line":344,"column":3}},"153":{"start":{"line":343,"column":3},"end":{"line":343,"column":87}},"154":{"start":{"line":346,"column":2},"end":{"line":348,"column":3}},"155":{"start":{"line":347,"column":3},"end":{"line":347,"column":95}},"156":{"start":{"line":351,"column":24},"end":{"line":351,"column":77}},"157":{"start":{"line":352,"column":2},"end":{"line":356,"column":3}},"158":{"start":{"line":353,"column":3},"end":{"line":355,"column":6}},"159":{"start":{"line":358,"column":16},"end":{"line":364,"column":null}},"160":{"start":{"line":367,"column":2},"end":{"line":367,"column":41}},"161":{"start":{"line":369,"column":2},"end":{"line":376,"column":5}},"162":{"start":{"line":378,"column":18},"end":{"line":378,"column":77}},"163":{"start":{"line":379,"column":2},"end":{"line":379,"column":43}},"164":{"start":{"line":383,"column":0},"end":{"line":401,"column":3}},"165":{"start":{"line":384,"column":1},"end":{"line":400,"column":2}},"166":{"start":{"line":385,"column":17},"end":{"line":385,"column":92}},"167":{"start":{"line":387,"column":17},"end":{"line":387,"column":64}},"168":{"start":{"line":389,"column":2},"end":{"line":396,"column":7}},"169":{"start":{"line":389,"column":41},"end":{"line":396,"column":4}},"170":{"start":{"line":398,"column":18},"end":{"line":398,"column":77}},"171":{"start":{"line":399,"column":2},"end":{"line":399,"column":43}},"172":{"start":{"line":403,"column":0},"end":{"line":418,"column":3}},"173":{"start":{"line":404,"column":1},"end":{"line":417,"column":2}},"174":{"start":{"line":405,"column":13},"end":{"line":405,"column":76}},"175":{"start":{"line":407,"column":18},"end":{"line":407,"column":59}},"176":{"start":{"line":409,"column":2},"end":{"line":411,"column":3}},"177":{"start":{"line":410,"column":3},"end":{"line":410,"column":68}},"178":{"start":{"line":413,"column":2},"end":{"line":413,"column":32}},"179":{"start":{"line":415,"column":18},"end":{"line":415,"column":77}},"180":{"start":{"line":416,"column":2},"end":{"line":416,"column":43}},"181":{"start":{"line":420,"column":0},"end":{"line":423,"column":3}},"182":{"start":{"line":421,"column":1},"end":{"line":421,"column":18}},"183":{"start":{"line":422,"column":1},"end":{"line":422,"column":17}},"184":{"start":{"line":426,"column":0},"end":{"line":426,"column":19}},"185":{"start":{"line":429,"column":0},"end":{"line":433,"column":1}},"186":{"start":{"line":430,"column":1},"end":{"line":432,"column":4}},"187":{"start":{"line":431,"column":2},"end":{"line":431,"column":67}}},"fnMap":{"0":{"name":"(anonymous_1)","decl":{"start":{"line":57,"column":29},"end":{"line":57,"column":30}},"loc":{"start":{"line":57,"column":74},"end":{"line":68,"column":1}}},"1":{"name":"(anonymous_2)","decl":{"start":{"line":70,"column":20},"end":{"line":70,"column":21}},"loc":{"start":{"line":70,"column":70},"end":{"line":76,"column":1}}},"2":{"name":"(anonymous_3)","decl":{"start":{"line":78,"column":23},"end":{"line":78,"column":24}},"loc":{"start":{"line":78,"column":58},"end":{"line":84,"column":1}}},"3":{"name":"(anonymous_4)","decl":{"start":{"line":88,"column":23},"end":{"line":88,"column":24}},"loc":{"start":{"line":88,"column":53},"end":{"line":94,"column":1}}},"4":{"name":"(anonymous_5)","decl":{"start":{"line":99,"column":13},"end":{"line":99,"column":14}},"loc":{"start":{"line":99,"column":46},"end":{"line":113,"column":1}}},"5":{"name":"(anonymous_6)","decl":{"start":{"line":115,"column":19},"end":{"line":115,"column":20}},"loc":{"start":{"line":115,"column":52},"end":{"line":121,"column":1}}},"6":{"name":"(anonymous_7)","decl":{"start":{"line":123,"column":30},"end":{"line":123,"column":35}},"loc":{"start":{"line":123,"column":69},"end":{"line":132,"column":1}}},"7":{"name":"(anonymous_8)","decl":{"start":{"line":134,"column":29},"end":{"line":134,"column":34}},"loc":{"start":{"line":134,"column":67},"end":{"line":157,"column":1}}},"8":{"name":"(anonymous_9)","decl":{"start":{"line":159,"column":33},"end":{"line":159,"column":38}},"loc":{"start":{"line":159,"column":71},"end":{"line":200,"column":1}}},"9":{"name":"(anonymous_10)","decl":{"start":{"line":202,"column":33},"end":{"line":202,"column":38}},"loc":{"start":{"line":202,"column":71},"end":{"line":216,"column":1}}},"10":{"name":"(anonymous_11)","decl":{"start":{"line":218,"column":34},"end":{"line":218,"column":39}},"loc":{"start":{"line":218,"column":72},"end":{"line":228,"column":1}}},"11":{"name":"(anonymous_12)","decl":{"start":{"line":230,"column":44},"end":{"line":230,"column":49}},"loc":{"start":{"line":230,"column":82},"end":{"line":240,"column":1}}},"12":{"name":"(anonymous_13)","decl":{"start":{"line":242,"column":36},"end":{"line":242,"column":41}},"loc":{"start":{"line":242,"column":74},"end":{"line":256,"column":1}}},"13":{"name":"(anonymous_14)","decl":{"start":{"line":258,"column":34},"end":{"line":258,"column":35}},"loc":{"start":{"line":258,"column":66},"end":{"line":266,"column":1}}},"14":{"name":"(anonymous_15)","decl":{"start":{"line":268,"column":34},"end":{"line":268,"column":39}},"loc":{"start":{"line":268,"column":72},"end":{"line":282,"column":1}}},"15":{"name":"(anonymous_16)","decl":{"start":{"line":284,"column":30},"end":{"line":284,"column":35}},"loc":{"start":{"line":284,"column":68},"end":{"line":327,"column":1}}},"16":{"name":"(anonymous_17)","decl":{"start":{"line":329,"column":24},"end":{"line":329,"column":29}},"loc":{"start":{"line":329,"column":62},"end":{"line":381,"column":1}}},"17":{"name":"(anonymous_18)","decl":{"start":{"line":383,"column":31},"end":{"line":383,"column":36}},"loc":{"start":{"line":383,"column":69},"end":{"line":401,"column":1}}},"18":{"name":"(anonymous_19)","decl":{"start":{"line":389,"column":29},"end":{"line":389,"column":30}},"loc":{"start":{"line":389,"column":41},"end":{"line":396,"column":4}}},"19":{"name":"(anonymous_20)","decl":{"start":{"line":403,"column":30},"end":{"line":403,"column":35}},"loc":{"start":{"line":403,"column":68},"end":{"line":418,"column":1}}},"20":{"name":"(anonymous_21)","decl":{"start":{"line":420,"column":21},"end":{"line":420,"column":24}},"loc":{"start":{"line":420,"column":26},"end":{"line":423,"column":1}}},"21":{"name":"(anonymous_22)","decl":{"start":{"line":430,"column":18},"end":{"line":430,"column":21}},"loc":{"start":{"line":430,"column":23},"end":{"line":432,"column":2}}}},"branchMap":{"0":{"loc":{"start":{"line":53,"column":0},"end":{"line":55,"column":1}},"type":"if","locations":[{"start":{"line":53,"column":0},"end":{"line":55,"column":1}}]},"1":{"loc":{"start":{"line":58,"column":1},"end":{"line":60,"column":2}},"type":"if","locations":[{"start":{"line":58,"column":1},"end":{"line":60,"column":2}}]},"2":{"loc":{"start":{"line":63,"column":1},"end":{"line":65,"column":2}},"type":"if","locations":[{"start":{"line":63,"column":1},"end":{"line":65,"column":2}}]},"3":{"loc":{"start":{"line":63,"column":5},"end":{"line":63,"column":44}},"type":"binary-expr","locations":[{"start":{"line":63,"column":5},"end":{"line":63,"column":29}},{"start":{"line":63,"column":33},"end":{"line":63,"column":44}}]},"4":{"loc":{"start":{"line":71,"column":1},"end":{"line":73,"column":2}},"type":"if","locations":[{"start":{"line":71,"column":1},"end":{"line":73,"column":2}}]},"5":{"loc":{"start":{"line":71,"column":5},"end":{"line":71,"column":66}},"type":"binary-expr","locations":[{"start":{"line":71,"column":5},"end":{"line":71,"column":22}},{"start":{"line":71,"column":26},"end":{"line":71,"column":46}},{"start":{"line":71,"column":50},"end":{"line":71,"column":66}}]},"6":{"loc":{"start":{"line":79,"column":1},"end":{"line":81,"column":2}},"type":"if","locations":[{"start":{"line":79,"column":1},"end":{"line":81,"column":2}}]},"7":{"loc":{"start":{"line":79,"column":5},"end":{"line":79,"column":40}},"type":"binary-expr","locations":[{"start":{"line":79,"column":5},"end":{"line":79,"column":20}},{"start":{"line":79,"column":24},"end":{"line":79,"column":40}}]},"8":{"loc":{"start":{"line":89,"column":1},"end":{"line":91,"column":2}},"type":"if","locations":[{"start":{"line":89,"column":1},"end":{"line":91,"column":2}}]},"9":{"loc":{"start":{"line":89,"column":5},"end":{"line":89,"column":51}},"type":"binary-expr","locations":[{"start":{"line":89,"column":5},"end":{"line":89,"column":23}},{"start":{"line":89,"column":27},"end":{"line":89,"column":51}}]},"10":{"loc":{"start":{"line":129,"column":18},"end":{"line":129,"column":77}},"type":"cond-expr","locations":[{"start":{"line":129,"column":43},"end":{"line":129,"column":56}},{"start":{"line":129,"column":59},"end":{"line":129,"column":77}}]},"11":{"loc":{"start":{"line":136,"column":17},"end":{"line":136,"column":84}},"type":"cond-expr","locations":[{"start":{"line":136,"column":56},"end":{"line":136,"column":72}},{"start":{"line":136,"column":75},"end":{"line":136,"column":84}}]},"12":{"loc":{"start":{"line":137,"column":18},"end":{"line":137,"column":87}},"type":"cond-expr","locations":[{"start":{"line":137,"column":58},"end":{"line":137,"column":75}},{"start":{"line":137,"column":78},"end":{"line":137,"column":87}}]},"13":{"loc":{"start":{"line":154,"column":18},"end":{"line":154,"column":77}},"type":"cond-expr","locations":[{"start":{"line":154,"column":43},"end":{"line":154,"column":56}},{"start":{"line":154,"column":59},"end":{"line":154,"column":77}}]},"14":{"loc":{"start":{"line":161,"column":13},"end":{"line":161,"column":76}},"type":"cond-expr","locations":[{"start":{"line":161,"column":44},"end":{"line":161,"column":60}},{"start":{"line":161,"column":63},"end":{"line":161,"column":76}}]},"15":{"loc":{"start":{"line":173,"column":2},"end":{"line":175,"column":3}},"type":"if","locations":[{"start":{"line":173,"column":2},"end":{"line":175,"column":3}}]},"16":{"loc":{"start":{"line":178,"column":2},"end":{"line":180,"column":3}},"type":"if","locations":[{"start":{"line":178,"column":2},"end":{"line":180,"column":3}}]},"17":{"loc":{"start":{"line":197,"column":18},"end":{"line":197,"column":77}},"type":"cond-expr","locations":[{"start":{"line":197,"column":43},"end":{"line":197,"column":56}},{"start":{"line":197,"column":59},"end":{"line":197,"column":77}}]},"18":{"loc":{"start":{"line":204,"column":13},"end":{"line":204,"column":76}},"type":"cond-expr","locations":[{"start":{"line":204,"column":44},"end":{"line":204,"column":60}},{"start":{"line":204,"column":63},"end":{"line":204,"column":76}}]},"19":{"loc":{"start":{"line":207,"column":2},"end":{"line":209,"column":3}},"type":"if","locations":[{"start":{"line":207,"column":2},"end":{"line":209,"column":3}}]},"20":{"loc":{"start":{"line":213,"column":18},"end":{"line":213,"column":77}},"type":"cond-expr","locations":[{"start":{"line":213,"column":43},"end":{"line":213,"column":56}},{"start":{"line":213,"column":59},"end":{"line":213,"column":77}}]},"21":{"loc":{"start":{"line":220,"column":17},"end":{"line":220,"column":92}},"type":"cond-expr","locations":[{"start":{"line":220,"column":52},"end":{"line":220,"column":72}},{"start":{"line":220,"column":75},"end":{"line":220,"column":92}}]},"22":{"loc":{"start":{"line":225,"column":18},"end":{"line":225,"column":77}},"type":"cond-expr","locations":[{"start":{"line":225,"column":43},"end":{"line":225,"column":56}},{"start":{"line":225,"column":59},"end":{"line":225,"column":77}}]},"23":{"loc":{"start":{"line":232,"column":17},"end":{"line":232,"column":92}},"type":"cond-expr","locations":[{"start":{"line":232,"column":52},"end":{"line":232,"column":72}},{"start":{"line":232,"column":75},"end":{"line":232,"column":92}}]},"24":{"loc":{"start":{"line":237,"column":18},"end":{"line":237,"column":77}},"type":"cond-expr","locations":[{"start":{"line":237,"column":43},"end":{"line":237,"column":56}},{"start":{"line":237,"column":59},"end":{"line":237,"column":77}}]},"25":{"loc":{"start":{"line":244,"column":13},"end":{"line":244,"column":76}},"type":"cond-expr","locations":[{"start":{"line":244,"column":44},"end":{"line":244,"column":60}},{"start":{"line":244,"column":63},"end":{"line":244,"column":76}}]},"26":{"loc":{"start":{"line":247,"column":2},"end":{"line":249,"column":3}},"type":"if","locations":[{"start":{"line":247,"column":2},"end":{"line":249,"column":3}}]},"27":{"loc":{"start":{"line":253,"column":18},"end":{"line":253,"column":77}},"type":"cond-expr","locations":[{"start":{"line":253,"column":43},"end":{"line":253,"column":56}},{"start":{"line":253,"column":59},"end":{"line":253,"column":77}}]},"28":{"loc":{"start":{"line":263,"column":18},"end":{"line":263,"column":77}},"type":"cond-expr","locations":[{"start":{"line":263,"column":43},"end":{"line":263,"column":56}},{"start":{"line":263,"column":59},"end":{"line":263,"column":77}}]},"29":{"loc":{"start":{"line":272,"column":2},"end":{"line":274,"column":3}},"type":"if","locations":[{"start":{"line":272,"column":2},"end":{"line":274,"column":3}}]},"30":{"loc":{"start":{"line":272,"column":6},"end":{"line":272,"column":43}},"type":"binary-expr","locations":[{"start":{"line":272,"column":6},"end":{"line":272,"column":13}},{"start":{"line":272,"column":17},"end":{"line":272,"column":43}}]},"31":{"loc":{"start":{"line":279,"column":18},"end":{"line":279,"column":77}},"type":"cond-expr","locations":[{"start":{"line":279,"column":43},"end":{"line":279,"column":56}},{"start":{"line":279,"column":59},"end":{"line":279,"column":77}}]},"32":{"loc":{"start":{"line":300,"column":2},"end":{"line":304,"column":3}},"type":"if","locations":[{"start":{"line":300,"column":2},"end":{"line":304,"column":3}}]},"33":{"loc":{"start":{"line":320,"column":2},"end":{"line":322,"column":3}},"type":"if","locations":[{"start":{"line":320,"column":2},"end":{"line":322,"column":3}}]},"34":{"loc":{"start":{"line":320,"column":6},"end":{"line":320,"column":82}},"type":"binary-expr","locations":[{"start":{"line":320,"column":6},"end":{"line":320,"column":28}},{"start":{"line":320,"column":32},"end":{"line":320,"column":82}}]},"35":{"loc":{"start":{"line":324,"column":18},"end":{"line":324,"column":77}},"type":"cond-expr","locations":[{"start":{"line":324,"column":43},"end":{"line":324,"column":56}},{"start":{"line":324,"column":59},"end":{"line":324,"column":77}}]},"36":{"loc":{"start":{"line":338,"column":2},"end":{"line":340,"column":3}},"type":"if","locations":[{"start":{"line":338,"column":2},"end":{"line":340,"column":3}}]},"37":{"loc":{"start":{"line":338,"column":6},"end":{"line":338,"column":68}},"type":"binary-expr","locations":[{"start":{"line":338,"column":6},"end":{"line":338,"column":13}},{"start":{"line":338,"column":17},"end":{"line":338,"column":25}},{"start":{"line":338,"column":29},"end":{"line":338,"column":54}},{"start":{"line":338,"column":58},"end":{"line":338,"column":68}}]},"38":{"loc":{"start":{"line":342,"column":2},"end":{"line":344,"column":3}},"type":"if","locations":[{"start":{"line":342,"column":2},"end":{"line":344,"column":3}}]},"39":{"loc":{"start":{"line":342,"column":6},"end":{"line":342,"column":57}},"type":"binary-expr","locations":[{"start":{"line":342,"column":6},"end":{"line":342,"column":37}},{"start":{"line":342,"column":41},"end":{"line":342,"column":57}}]},"40":{"loc":{"start":{"line":346,"column":2},"end":{"line":348,"column":3}},"type":"if","locations":[{"start":{"line":346,"column":2},"end":{"line":348,"column":3}}]},"41":{"loc":{"start":{"line":346,"column":6},"end":{"line":346,"column":63}},"type":"binary-expr","locations":[{"start":{"line":346,"column":6},"end":{"line":346,"column":34}},{"start":{"line":346,"column":38},"end":{"line":346,"column":63}}]},"42":{"loc":{"start":{"line":352,"column":2},"end":{"line":356,"column":3}},"type":"if","locations":[{"start":{"line":352,"column":2},"end":{"line":356,"column":3}}]},"43":{"loc":{"start":{"line":378,"column":18},"end":{"line":378,"column":77}},"type":"cond-expr","locations":[{"start":{"line":378,"column":43},"end":{"line":378,"column":56}},{"start":{"line":378,"column":59},"end":{"line":378,"column":77}}]},"44":{"loc":{"start":{"line":385,"column":17},"end":{"line":385,"column":92}},"type":"cond-expr","locations":[{"start":{"line":385,"column":52},"end":{"line":385,"column":72}},{"start":{"line":385,"column":75},"end":{"line":385,"column":92}}]},"45":{"loc":{"start":{"line":398,"column":18},"end":{"line":398,"column":77}},"type":"cond-expr","locations":[{"start":{"line":398,"column":43},"end":{"line":398,"column":56}},{"start":{"line":398,"column":59},"end":{"line":398,"column":77}}]},"46":{"loc":{"start":{"line":405,"column":13},"end":{"line":405,"column":76}},"type":"cond-expr","locations":[{"start":{"line":405,"column":44},"end":{"line":405,"column":60}},{"start":{"line":405,"column":63},"end":{"line":405,"column":76}}]},"47":{"loc":{"start":{"line":409,"column":2},"end":{"line":411,"column":3}},"type":"if","locations":[{"start":{"line":409,"column":2},"end":{"line":411,"column":3}}]},"48":{"loc":{"start":{"line":415,"column":18},"end":{"line":415,"column":77}},"type":"cond-expr","locations":[{"start":{"line":415,"column":43},"end":{"line":415,"column":56}},{"start":{"line":415,"column":59},"end":{"line":415,"column":77}}]},"49":{"loc":{"start":{"line":429,"column":0},"end":{"line":433,"column":1}},"type":"if","locations":[{"start":{"line":429,"column":0},"end":{"line":433,"column":1}}]}},"s":{"0":1,"1":1,"2":1,"3":1,"4":1,"5":1,"6":1,"7":1,"8":1,"9":1,"10":1,"11":1,"12":1,"13":1,"14":1,"15":1,"16":1,"17":1,"18":1,"19":1,"20":1,"21":1,"22":1,"23":1,"24":1,"25":1,"26":1,"27":1,"28":1,"29":1,"30":0,"31":1,"32":0,"33":0,"34":0,"35":0,"36":0,"37":0,"38":1,"39":0,"40":0,"41":0,"42":1,"43":0,"44":0,"45":0,"46":1,"47":0,"48":0,"49":0,"50":1,"51":1,"52":1,"53":0,"54":1,"55":0,"56":1,"57":0,"58":0,"59":0,"60":0,"61":0,"62":1,"63":0,"64":0,"65":0,"66":0,"67":0,"68":0,"69":0,"70":0,"71":0,"72":0,"73":0,"74":1,"75":0,"76":0,"77":0,"78":0,"79":0,"80":0,"81":0,"82":0,"83":0,"84":0,"85":0,"86":0,"87":0,"88":1,"89":0,"90":0,"91":0,"92":0,"93":0,"94":0,"95":0,"96":0,"97":1,"98":1,"99":1,"100":1,"101":1,"102":0,"103":0,"104":1,"105":0,"106":0,"107":0,"108":0,"109":0,"110":0,"111":1,"112":0,"113":0,"114":0,"115":0,"116":0,"117":0,"118":0,"119":0,"120":1,"121":0,"122":0,"123":0,"124":0,"125":0,"126":1,"127":0,"128":0,"129":0,"130":0,"131":0,"132":0,"133":0,"134":0,"135":1,"136":0,"137":0,"138":0,"139":0,"140":0,"141":0,"142":0,"143":0,"144":0,"145":0,"146":0,"147":1,"148":0,"149":0,"150":0,"151":0,"152":0,"153":0,"154":0,"155":0,"156":0,"157":0,"158":0,"159":0,"160":0,"161":0,"162":0,"163":0,"164":1,"165":0,"166":0,"167":0,"168":0,"169":0,"170":0,"171":0,"172":1,"173":0,"174":0,"175":0,"176":0,"177":0,"178":0,"179":0,"180":0,"181":1,"182":0,"183":0,"184":1,"185":1,"186":0,"187":0},"f":{"0":0,"1":0,"2":0,"3":0,"4":0,"5":0,"6":0,"7":0,"8":0,"9":0,"10":1,"11":0,"12":0,"13":0,"14":0,"15":0,"16":0,"17":0,"18":0,"19":0,"20":0,"21":0},"b":{"0":[0],"1":[0],"2":[0],"3":[0,0],"4":[0],"5":[0,0,0],"6":[0],"7":[0,0],"8":[0],"9":[0,0],"10":[0,0],"11":[0,0],"12":[0,0],"13":[0,0],"14":[0,0],"15":[0],"16":[0],"17":[0,0],"18":[0,0],"19":[0],"20":[0,0],"21":[0,1],"22":[0,0],"23":[0,0],"24":[0,0],"25":[0,0],"26":[0],"27":[0,0],"28":[0,0],"29":[0],"30":[0,0],"31":[0,0],"32":[0],"33":[0],"34":[0,0],"35":[0,0],"36":[0],"37":[0,0,0,0],"38":[0],"39":[0,0],"40":[0],"41":[0,0],"42":[0],"43":[0,0],"44":[0,0],"45":[0,0],"46":[0,0],"47":[0],"48":[0,0],"49":[0]}}
,"C:\\Users\\agust\\OneDrive\\Escritorio\\Facultad\\Equilibrio-app\\apps\\backend\\src\\database\\migrations.ts": {"path":"C:\\Users\\agust\\OneDrive\\Escritorio\\Facultad\\Equilibrio-app\\apps\\backend\\src\\database\\migrations.ts","statementMap":{"0":{"start":{"line":85,"column":0},"end":{"line":85,"column":16}},"1":{"start":{"line":9,"column":32},"end":{"line":83,"column":2}},"2":{"start":{"line":14,"column":6},"end":{"line":27,"column":14}},"3":{"start":{"line":34,"column":6},"end":{"line":36,"column":14}},"4":{"start":{"line":37,"column":6},"end":{"line":39,"column":14}},"5":{"start":{"line":40,"column":6},"end":{"line":42,"column":14}},"6":{"start":{"line":49,"column":6},"end":{"line":51,"column":14}},"7":{"start":{"line":58,"column":6},"end":{"line":71,"column":14}},"8":{"start":{"line":72,"column":6},"end":{"line":74,"column":14}},"9":{"start":{"line":75,"column":6},"end":{"line":77,"column":14}},"10":{"start":{"line":78,"column":6},"end":{"line":80,"column":14}},"11":{"start":{"line":86,"column":2},"end":{"line":94,"column":10}},"12":{"start":{"line":96,"column":19},"end":{"line":98,"column":40}},"13":{"start":{"line":100,"column":27},"end":{"line":100,"column":70}},"14":{"start":{"line":100,"column":57},"end":{"line":100,"column":68}},"15":{"start":{"line":102,"column":2},"end":{"line":115,"column":3}},"16":{"start":{"line":103,"column":4},"end":{"line":105,"column":5}},"17":{"start":{"line":104,"column":6},"end":{"line":104,"column":15}},"18":{"start":{"line":107,"column":24},"end":{"line":112,"column":6}},"19":{"start":{"line":108,"column":6},"end":{"line":108,"column":23}},"20":{"start":{"line":109,"column":6},"end":{"line":111,"column":73}},"21":{"start":{"line":114,"column":4},"end":{"line":114,"column":18}},"22":{"start":{"line":117,"column":2},"end":{"line":117,"column":27}}},"fnMap":{"0":{"name":"(anonymous_0)","decl":{"start":{"line":13,"column":8},"end":{"line":13,"column":9}},"loc":{"start":{"line":13,"column":15},"end":{"line":28,"column":5}}},"1":{"name":"(anonymous_1)","decl":{"start":{"line":33,"column":8},"end":{"line":33,"column":9}},"loc":{"start":{"line":33,"column":15},"end":{"line":43,"column":5}}},"2":{"name":"(anonymous_2)","decl":{"start":{"line":48,"column":8},"end":{"line":48,"column":9}},"loc":{"start":{"line":48,"column":15},"end":{"line":52,"column":5}}},"3":{"name":"(anonymous_3)","decl":{"start":{"line":57,"column":8},"end":{"line":57,"column":9}},"loc":{"start":{"line":57,"column":15},"end":{"line":81,"column":5}}},"4":{"name":"runMigrations","decl":{"start":{"line":85,"column":16},"end":{"line":85,"column":29}},"loc":{"start":{"line":85,"column":42},"end":{"line":118,"column":1}}},"5":{"name":"(anonymous_5)","decl":{"start":{"line":100,"column":48},"end":{"line":100,"column":49}},"loc":{"start":{"line":100,"column":57},"end":{"line":100,"column":68}}},"6":{"name":"(anonymous_6)","decl":{"start":{"line":107,"column":39},"end":{"line":107,"column":42}},"loc":{"start":{"line":107,"column":44},"end":{"line":112,"column":5}}}},"branchMap":{"0":{"loc":{"start":{"line":103,"column":4},"end":{"line":105,"column":5}},"type":"if","locations":[{"start":{"line":103,"column":4},"end":{"line":105,"column":5}}]}},"s":{"0":1,"1":1,"2":0,"3":0,"4":0,"5":0,"6":0,"7":0,"8":0,"9":0,"10":0,"11":1,"12":1,"13":1,"14":4,"15":1,"16":4,"17":4,"18":0,"19":0,"20":0,"21":0,"22":1},"f":{"0":0,"1":0,"2":0,"3":0,"4":1,"5":4,"6":0},"b":{"0":[4]}}
,"C:\\Users\\agust\\OneDrive\\Escritorio\\Facultad\\Equilibrio-app\\apps\\backend\\src\\jobs\\priceAlertsJob.ts": {"path":"C:\\Users\\agust\\OneDrive\\Escritorio\\Facultad\\Equilibrio-app\\apps\\backend\\src\\jobs\\priceAlertsJob.ts","statementMap":{"0":{"start":{"line":4,"column":0},"end":{"line":4,"column":16}},"1":{"start":{"line":1,"column":0},"end":{"line":1,"column":29}},"2":{"start":{"line":6,"column":2},"end":{"line":25,"column":5}},"3":{"start":{"line":7,"column":4},"end":{"line":24,"column":5}},"4":{"start":{"line":8,"column":6},"end":{"line":8,"column":88}},"5":{"start":{"line":9,"column":30},"end":{"line":9,"column":69}},"6":{"start":{"line":11,"column":6},"end":{"line":20,"column":7}},"7":{"start":{"line":12,"column":8},"end":{"line":12,"column":81}},"8":{"start":{"line":13,"column":8},"end":{"line":17,"column":11}},"9":{"start":{"line":14,"column":10},"end":{"line":16,"column":12}},"10":{"start":{"line":19,"column":8},"end":{"line":19,"column":53}},"11":{"start":{"line":22,"column":22},"end":{"line":22,"column":78}},"12":{"start":{"line":23,"column":6},"end":{"line":23,"column":73}},"13":{"start":{"line":27,"column":2},"end":{"line":27,"column":75}}},"fnMap":{"0":{"name":"startPriceAlertsCronJob","decl":{"start":{"line":4,"column":16},"end":{"line":4,"column":39}},"loc":{"start":{"line":4,"column":88},"end":{"line":28,"column":1}}},"1":{"name":"(anonymous_2)","decl":{"start":{"line":6,"column":31},"end":{"line":6,"column":36}},"loc":{"start":{"line":6,"column":42},"end":{"line":25,"column":3}}},"2":{"name":"(anonymous_3)","decl":{"start":{"line":13,"column":32},"end":{"line":13,"column":33}},"loc":{"start":{"line":13,"column":42},"end":{"line":17,"column":9}}}},"branchMap":{"0":{"loc":{"start":{"line":11,"column":6},"end":{"line":20,"column":7}},"type":"if","locations":[{"start":{"line":11,"column":6},"end":{"line":20,"column":7}},{"start":{"line":18,"column":13},"end":{"line":20,"column":7}}]},"1":{"loc":{"start":{"line":22,"column":22},"end":{"line":22,"column":78}},"type":"cond-expr","locations":[{"start":{"line":22,"column":47},"end":{"line":22,"column":60}},{"start":{"line":22,"column":63},"end":{"line":22,"column":78}}]}},"s":{"0":1,"1":1,"2":0,"3":0,"4":0,"5":0,"6":0,"7":0,"8":0,"9":0,"10":0,"11":0,"12":0,"13":0},"f":{"0":0,"1":0,"2":0},"b":{"0":[0,0],"1":[0,0]}}
,"C:\\Users\\agust\\OneDrive\\Escritorio\\Facultad\\Equilibrio-app\\apps\\backend\\src\\repositories\\SqlitePriceAlertRepository.ts": {"path":"C:\\Users\\agust\\OneDrive\\Escritorio\\Facultad\\Equilibrio-app\\apps\\backend\\src\\repositories\\SqlitePriceAlertRepository.ts","statementMap":{"0":{"start":{"line":2,"column":0},"end":{"line":2,"column":69}},"1":{"start":{"line":16,"column":31},"end":{"line":16,"column":43}},"2":{"start":{"line":19,"column":4},"end":{"line":34,"column":8}},"3":{"start":{"line":38,"column":17},"end":{"line":40,"column":31}},"4":{"start":{"line":42,"column":4},"end":{"line":44,"column":6}},"5":{"start":{"line":43,"column":6},"end":{"line":43,"column":31}},"6":{"start":{"line":48,"column":4},"end":{"line":56,"column":41}},"7":{"start":{"line":60,"column":16},"end":{"line":62,"column":43}},"8":{"start":{"line":64,"column":4},"end":{"line":64,"column":50}},"9":{"start":{"line":68,"column":17},"end":{"line":70,"column":37}},"10":{"start":{"line":72,"column":4},"end":{"line":72,"column":56}},"11":{"start":{"line":72,"column":29},"end":{"line":72,"column":54}},"12":{"start":{"line":76,"column":19},"end":{"line":78,"column":14}},"13":{"start":{"line":80,"column":4},"end":{"line":80,"column":37}},"14":{"start":{"line":84,"column":4},"end":{"line":91,"column":6}},"15":{"start":{"line":15,"column":0},"end":{"line":15,"column":13}}},"fnMap":{"0":{"name":"(anonymous_0)","decl":{"start":{"line":16,"column":2},"end":{"line":16,"column":31}},"loc":{"start":{"line":16,"column":43},"end":{"line":16,"column":47}}},"1":{"name":"(anonymous_1)","decl":{"start":{"line":18,"column":2},"end":{"line":18,"column":7}},"loc":{"start":{"line":18,"column":30},"end":{"line":35,"column":3}}},"2":{"name":"(anonymous_2)","decl":{"start":{"line":37,"column":2},"end":{"line":37,"column":7}},"loc":{"start":{"line":37,"column":24},"end":{"line":45,"column":3}}},"3":{"name":"(anonymous_3)","decl":{"start":{"line":42,"column":20},"end":{"line":42,"column":21}},"loc":{"start":{"line":43,"column":6},"end":{"line":43,"column":31}}},"4":{"name":"(anonymous_4)","decl":{"start":{"line":47,"column":2},"end":{"line":47,"column":7}},"loc":{"start":{"line":47,"column":34},"end":{"line":57,"column":3}}},"5":{"name":"(anonymous_5)","decl":{"start":{"line":59,"column":2},"end":{"line":59,"column":7}},"loc":{"start":{"line":59,"column":27},"end":{"line":65,"column":3}}},"6":{"name":"(anonymous_6)","decl":{"start":{"line":67,"column":2},"end":{"line":67,"column":7}},"loc":{"start":{"line":67,"column":35},"end":{"line":73,"column":3}}},"7":{"name":"(anonymous_7)","decl":{"start":{"line":72,"column":20},"end":{"line":72,"column":21}},"loc":{"start":{"line":72,"column":29},"end":{"line":72,"column":54}}},"8":{"name":"(anonymous_8)","decl":{"start":{"line":75,"column":2},"end":{"line":75,"column":7}},"loc":{"start":{"line":75,"column":29},"end":{"line":81,"column":3}}},"9":{"name":"(anonymous_9)","decl":{"start":{"line":83,"column":10},"end":{"line":83,"column":25}},"loc":{"start":{"line":83,"column":44},"end":{"line":92,"column":3}}}},"branchMap":{"0":{"loc":{"start":{"line":32,"column":8},"end":{"line":32,"column":30}},"type":"cond-expr","locations":[{"start":{"line":32,"column":25},"end":{"line":32,"column":26}},{"start":{"line":32,"column":29},"end":{"line":32,"column":30}}]},"1":{"loc":{"start":{"line":64,"column":11},"end":{"line":64,"column":49}},"type":"cond-expr","locations":[{"start":{"line":64,"column":17},"end":{"line":64,"column":42}},{"start":{"line":64,"column":45},"end":{"line":64,"column":49}}]},"2":{"loc":{"start":{"line":80,"column":12},"end":{"line":80,"column":31}},"type":"binary-expr","locations":[{"start":{"line":80,"column":12},"end":{"line":80,"column":26}},{"start":{"line":80,"column":30},"end":{"line":80,"column":31}}]}},"s":{"0":1,"1":1,"2":0,"3":0,"4":0,"5":0,"6":0,"7":0,"8":0,"9":0,"10":0,"11":0,"12":0,"13":0,"14":0,"15":1},"f":{"0":1,"1":0,"2":0,"3":0,"4":0,"5":0,"6":0,"7":0,"8":0,"9":0},"b":{"0":[0,0],"1":[0,0],"2":[0,0]}}
,"C:\\Users\\agust\\OneDrive\\Escritorio\\Facultad\\Equilibrio-app\\apps\\backend\\src\\repositories\\SqliteTransactionRepository.ts": {"path":"C:\\Users\\agust\\OneDrive\\Escritorio\\Facultad\\Equilibrio-app\\apps\\backend\\src\\repositories\\SqliteTransactionRepository.ts","statementMap":{"0":{"start":{"line":2,"column":0},"end":{"line":2,"column":null}},"1":{"start":{"line":25,"column":31},"end":{"line":25,"column":43}},"2":{"start":{"line":28,"column":4},"end":{"line":45,"column":9}},"3":{"start":{"line":49,"column":19},"end":{"line":74,"column":8}},"4":{"start":{"line":76,"column":4},"end":{"line":76,"column":30}},"5":{"start":{"line":80,"column":17},"end":{"line":84,"column":32}},"6":{"start":{"line":86,"column":4},"end":{"line":86,"column":54}},"7":{"start":{"line":86,"column":29},"end":{"line":86,"column":52}},"8":{"start":{"line":99,"column":8},"end":{"line":99,"column":15}},"9":{"start":{"line":101,"column":23},"end":{"line":103,"column":14}},"10":{"start":{"line":104,"column":26},"end":{"line":104,"column":62}},"11":{"start":{"line":105,"column":21},"end":{"line":105,"column":77}},"12":{"start":{"line":107,"column":6},"end":{"line":109,"column":12}},"13":{"start":{"line":111,"column":35},"end":{"line":111,"column":37}},"14":{"start":{"line":112,"column":30},"end":{"line":112,"column":32}},"15":{"start":{"line":114,"column":4},"end":{"line":117,"column":5}},"16":{"start":{"line":115,"column":6},"end":{"line":115,"column":38}},"17":{"start":{"line":116,"column":6},"end":{"line":116,"column":26}},"18":{"start":{"line":119,"column":4},"end":{"line":122,"column":5}},"19":{"start":{"line":120,"column":6},"end":{"line":120,"column":39}},"20":{"start":{"line":121,"column":6},"end":{"line":121,"column":27}},"21":{"start":{"line":124,"column":21},"end":{"line":124,"column":89}},"22":{"start":{"line":126,"column":21},"end":{"line":128,"column":42}},"23":{"start":{"line":130,"column":19},"end":{"line":130,"column":48}},"24":{"start":{"line":132,"column":17},"end":{"line":142,"column":63}},"25":{"start":{"line":144,"column":4},"end":{"line":149,"column":6}},"26":{"start":{"line":145,"column":30},"end":{"line":145,"column":53}},"27":{"start":{"line":153,"column":16},"end":{"line":157,"column":44}},"28":{"start":{"line":159,"column":4},"end":{"line":159,"column":48}},"29":{"start":{"line":163,"column":19},"end":{"line":165,"column":14}},"30":{"start":{"line":167,"column":4},"end":{"line":167,"column":30}},"31":{"start":{"line":171,"column":17},"end":{"line":175,"column":38}},"32":{"start":{"line":177,"column":4},"end":{"line":177,"column":54}},"33":{"start":{"line":177,"column":29},"end":{"line":177,"column":52}},"34":{"start":{"line":184,"column":17},"end":{"line":188,"column":47}},"35":{"start":{"line":190,"column":4},"end":{"line":190,"column":54}},"36":{"start":{"line":190,"column":29},"end":{"line":190,"column":52}},"37":{"start":{"line":194,"column":4},"end":{"line":204,"column":6}},"38":{"start":{"line":24,"column":0},"end":{"line":24,"column":13}}},"fnMap":{"0":{"name":"(anonymous_0)","decl":{"start":{"line":25,"column":2},"end":{"line":25,"column":31}},"loc":{"start":{"line":25,"column":43},"end":{"line":25,"column":47}}},"1":{"name":"(anonymous_1)","decl":{"start":{"line":27,"column":2},"end":{"line":27,"column":7}},"loc":{"start":{"line":27,"column":37},"end":{"line":46,"column":3}}},"2":{"name":"(anonymous_2)","decl":{"start":{"line":48,"column":2},"end":{"line":48,"column":7}},"loc":{"start":{"line":48,"column":55},"end":{"line":77,"column":3}}},"3":{"name":"(anonymous_3)","decl":{"start":{"line":79,"column":2},"end":{"line":79,"column":7}},"loc":{"start":{"line":79,"column":15},"end":{"line":87,"column":3}}},"4":{"name":"(anonymous_4)","decl":{"start":{"line":86,"column":20},"end":{"line":86,"column":21}},"loc":{"start":{"line":86,"column":29},"end":{"line":86,"column":52}}},"5":{"name":"(anonymous_5)","decl":{"start":{"line":89,"column":2},"end":{"line":89,"column":7}},"loc":{"start":{"line":90,"column":41},"end":{"line":150,"column":3}}},"6":{"name":"(anonymous_6)","decl":{"start":{"line":145,"column":21},"end":{"line":145,"column":22}},"loc":{"start":{"line":145,"column":30},"end":{"line":145,"column":53}}},"7":{"name":"(anonymous_7)","decl":{"start":{"line":152,"column":2},"end":{"line":152,"column":7}},"loc":{"start":{"line":152,"column":27},"end":{"line":160,"column":3}}},"8":{"name":"(anonymous_8)","decl":{"start":{"line":162,"column":2},"end":{"line":162,"column":7}},"loc":{"start":{"line":162,"column":29},"end":{"line":168,"column":3}}},"9":{"name":"(anonymous_9)","decl":{"start":{"line":170,"column":2},"end":{"line":170,"column":7}},"loc":{"start":{"line":170,"column":35},"end":{"line":178,"column":3}}},"10":{"name":"(anonymous_10)","decl":{"start":{"line":177,"column":20},"end":{"line":177,"column":21}},"loc":{"start":{"line":177,"column":29},"end":{"line":177,"column":52}}},"11":{"name":"(anonymous_11)","decl":{"start":{"line":180,"column":2},"end":{"line":180,"column":7}},"loc":{"start":{"line":182,"column":19},"end":{"line":191,"column":3}}},"12":{"name":"(anonymous_12)","decl":{"start":{"line":190,"column":20},"end":{"line":190,"column":21}},"loc":{"start":{"line":190,"column":29},"end":{"line":190,"column":52}}},"13":{"name":"(anonymous_13)","decl":{"start":{"line":193,"column":10},"end":{"line":193,"column":23}},"loc":{"start":{"line":193,"column":43},"end":{"line":205,"column":3}}}},"branchMap":{"0":{"loc":{"start":{"line":90,"column":4},"end":{"line":90,"column":41}},"type":"default-arg","locations":[{"start":{"line":90,"column":39},"end":{"line":90,"column":41}}]},"1":{"loc":{"start":{"line":95,"column":6},"end":{"line":95,"column":14}},"type":"default-arg","locations":[{"start":{"line":95,"column":13},"end":{"line":95,"column":14}}]},"2":{"loc":{"start":{"line":96,"column":6},"end":{"line":96,"column":19}},"type":"default-arg","locations":[{"start":{"line":96,"column":17},"end":{"line":96,"column":19}}]},"3":{"loc":{"start":{"line":97,"column":6},"end":{"line":97,"column":21}},"type":"default-arg","locations":[{"start":{"line":97,"column":15},"end":{"line":97,"column":21}}]},"4":{"loc":{"start":{"line":98,"column":6},"end":{"line":98,"column":24}},"type":"default-arg","locations":[{"start":{"line":98,"column":18},"end":{"line":98,"column":24}}]},"5":{"loc":{"start":{"line":101,"column":23},"end":{"line":103,"column":14}},"type":"cond-expr","locations":[{"start":{"line":102,"column":8},"end":{"line":102,"column":14}},{"start":{"line":103,"column":8},"end":{"line":103,"column":14}}]},"6":{"loc":{"start":{"line":104,"column":26},"end":{"line":104,"column":62}},"type":"cond-expr","locations":[{"start":{"line":104,"column":48},"end":{"line":104,"column":53}},{"start":{"line":104,"column":56},"end":{"line":104,"column":62}}]},"7":{"loc":{"start":{"line":105,"column":21},"end":{"line":105,"column":77}},"type":"cond-expr","locations":[{"start":{"line":105,"column":57},"end":{"line":105,"column":73}},{"start":{"line":105,"column":76},"end":{"line":105,"column":77}}]},"8":{"loc":{"start":{"line":105,"column":21},"end":{"line":105,"column":54}},"type":"binary-expr","locations":[{"start":{"line":105,"column":21},"end":{"line":105,"column":42}},{"start":{"line":105,"column":46},"end":{"line":105,"column":54}}]},"9":{"loc":{"start":{"line":107,"column":6},"end":{"line":109,"column":12}},"type":"cond-expr","locations":[{"start":{"line":108,"column":10},"end":{"line":108,"column":30}},{"start":{"line":109,"column":10},"end":{"line":109,"column":12}}]},"10":{"loc":{"start":{"line":107,"column":6},"end":{"line":107,"column":66}},"type":"binary-expr","locations":[{"start":{"line":107,"column":6},"end":{"line":107,"column":31}},{"start":{"line":107,"column":35},"end":{"line":107,"column":47}},{"start":{"line":107,"column":51},"end":{"line":107,"column":66}}]},"11":{"loc":{"start":{"line":114,"column":4},"end":{"line":117,"column":5}},"type":"if","locations":[{"start":{"line":114,"column":4},"end":{"line":117,"column":5}}]},"12":{"loc":{"start":{"line":119,"column":4},"end":{"line":122,"column":5}},"type":"if","locations":[{"start":{"line":119,"column":4},"end":{"line":122,"column":5}}]},"13":{"loc":{"start":{"line":124,"column":21},"end":{"line":124,"column":89}},"type":"cond-expr","locations":[{"start":{"line":124,"column":47},"end":{"line":124,"column":84}},{"start":{"line":124,"column":87},"end":{"line":124,"column":89}}]},"14":{"loc":{"start":{"line":159,"column":11},"end":{"line":159,"column":47}},"type":"cond-expr","locations":[{"start":{"line":159,"column":17},"end":{"line":159,"column":40}},{"start":{"line":159,"column":43},"end":{"line":159,"column":47}}]}},"s":{"0":1,"1":1,"2":0,"3":0,"4":0,"5":0,"6":0,"7":0,"8":0,"9":0,"10":0,"11":0,"12":0,"13":0,"14":0,"15":0,"16":0,"17":0,"18":0,"19":0,"20":0,"21":0,"22":0,"23":0,"24":0,"25":0,"26":0,"27":0,"28":0,"29":0,"30":0,"31":1,"32":1,"33":1,"34":0,"35":0,"36":0,"37":1,"38":1},"f":{"0":1,"1":0,"2":0,"3":0,"4":0,"5":0,"6":0,"7":0,"8":0,"9":1,"10":1,"11":0,"12":0,"13":1},"b":{"0":[0],"1":[0],"2":[0],"3":[0],"4":[0],"5":[0,0],"6":[0,0],"7":[0,0],"8":[0,0],"9":[0,0],"10":[0,0,0],"11":[0],"12":[0],"13":[0,0],"14":[0,0]}}
,"C:\\Users\\agust\\OneDrive\\Escritorio\\Facultad\\Equilibrio-app\\apps\\backend\\src\\services\\DolarApiService.ts": {"path":"C:\\Users\\agust\\OneDrive\\Escritorio\\Facultad\\Equilibrio-app\\apps\\backend\\src\\services\\DolarApiService.ts","statementMap":{"0":{"start":{"line":5,"column":4},"end":{"line":7,"column":5}},"1":{"start":{"line":6,"column":6},"end":{"line":6,"column":18}},"2":{"start":{"line":9,"column":4},"end":{"line":37,"column":5}},"3":{"start":{"line":10,"column":23},"end":{"line":10,"column":69}},"4":{"start":{"line":12,"column":6},"end":{"line":15,"column":7}},"5":{"start":{"line":13,"column":8},"end":{"line":13,"column":60}},"6":{"start":{"line":14,"column":8},"end":{"line":14,"column":20}},"7":{"start":{"line":17,"column":20},"end":{"line":17,"column":41}},"8":{"start":{"line":19,"column":6},"end":{"line":22,"column":7}},"9":{"start":{"line":20,"column":8},"end":{"line":20,"column":62}},"10":{"start":{"line":21,"column":8},"end":{"line":21,"column":20}},"11":{"start":{"line":25,"column":22},"end":{"line":25,"column":74}},"12":{"start":{"line":25,"column":42},"end":{"line":25,"column":73}},"13":{"start":{"line":27,"column":6},"end":{"line":30,"column":7}},"14":{"start":{"line":28,"column":8},"end":{"line":28,"column":64}},"15":{"start":{"line":29,"column":8},"end":{"line":29,"column":20}},"16":{"start":{"line":32,"column":6},"end":{"line":32,"column":79}},"17":{"start":{"line":33,"column":6},"end":{"line":33,"column":27}},"18":{"start":{"line":35,"column":6},"end":{"line":35,"column":101}},"19":{"start":{"line":36,"column":6},"end":{"line":36,"column":18}},"20":{"start":{"line":3,"column":0},"end":{"line":3,"column":13}}},"fnMap":{"0":{"name":"(anonymous_0)","decl":{"start":{"line":4,"column":2},"end":{"line":4,"column":7}},"loc":{"start":{"line":4,"column":44},"end":{"line":38,"column":3}}},"1":{"name":"(anonymous_1)","decl":{"start":{"line":25,"column":32},"end":{"line":25,"column":33}},"loc":{"start":{"line":25,"column":42},"end":{"line":25,"column":73}}}},"branchMap":{"0":{"loc":{"start":{"line":5,"column":4},"end":{"line":7,"column":5}},"type":"if","locations":[{"start":{"line":5,"column":4},"end":{"line":7,"column":5}}]},"1":{"loc":{"start":{"line":12,"column":6},"end":{"line":15,"column":7}},"type":"if","locations":[{"start":{"line":12,"column":6},"end":{"line":15,"column":7}}]},"2":{"loc":{"start":{"line":19,"column":6},"end":{"line":22,"column":7}},"type":"if","locations":[{"start":{"line":19,"column":6},"end":{"line":22,"column":7}}]},"3":{"loc":{"start":{"line":27,"column":6},"end":{"line":30,"column":7}},"type":"if","locations":[{"start":{"line":27,"column":6},"end":{"line":30,"column":7}}]},"4":{"loc":{"start":{"line":27,"column":10},"end":{"line":27,"column":90}},"type":"binary-expr","locations":[{"start":{"line":27,"column":10},"end":{"line":27,"column":18}},{"start":{"line":27,"column":22},"end":{"line":27,"column":55}},{"start":{"line":27,"column":59},"end":{"line":27,"column":90}}]},"5":{"loc":{"start":{"line":35,"column":45},"end":{"line":35,"column":99}},"type":"cond-expr","locations":[{"start":{"line":35,"column":70},"end":{"line":35,"column":83}},{"start":{"line":35,"column":86},"end":{"line":35,"column":99}}]}},"s":{"0":1,"1":0,"2":1,"3":1,"4":1,"5":0,"6":0,"7":1,"8":1,"9":0,"10":0,"11":1,"12":4,"13":1,"14":0,"15":0,"16":1,"17":1,"18":0,"19":0,"20":1},"f":{"0":1,"1":4},"b":{"0":[0],"1":[0],"2":[0],"3":[0],"4":[1,1,1],"5":[0,0]}}
,"C:\\Users\\agust\\OneDrive\\Escritorio\\Facultad\\Equilibrio-app\\apps\\backend\\src\\services\\TickerValidationService.ts": {"path":"C:\\Users\\agust\\OneDrive\\Escritorio\\Facultad\\Equilibrio-app\\apps\\backend\\src\\services\\TickerValidationService.ts","statementMap":{"0":{"start":{"line":1,"column":0},"end":{"line":1,"column":42}},"1":{"start":{"line":3,"column":21},"end":{"line":3,"column":39}},"2":{"start":{"line":6,"column":28},"end":{"line":45,"column":2}},"3":{"start":{"line":48,"column":10},"end":{"line":48,"column":51}},"4":{"start":{"line":49,"column":10},"end":{"line":49,"column":28}},"5":{"start":{"line":50,"column":10},"end":{"line":50,"column":42}},"6":{"start":{"line":56,"column":4},"end":{"line":58,"column":5}},"7":{"start":{"line":57,"column":6},"end":{"line":57,"column":19}},"8":{"start":{"line":60,"column":24},"end":{"line":60,"column":51}},"9":{"start":{"line":63,"column":4},"end":{"line":69,"column":5}},"10":{"start":{"line":64,"column":21},"end":{"line":64,"column":54}},"11":{"start":{"line":65,"column":18},"end":{"line":65,"column":28}},"12":{"start":{"line":66,"column":6},"end":{"line":68,"column":7}},"13":{"start":{"line":67,"column":8},"end":{"line":67,"column":31}},"14":{"start":{"line":71,"column":4},"end":{"line":81,"column":5}},"15":{"start":{"line":72,"column":20},"end":{"line":72,"column":57}},"16":{"start":{"line":73,"column":22},"end":{"line":74,"column":null}},"17":{"start":{"line":76,"column":6},"end":{"line":76,"column":49}},"18":{"start":{"line":77,"column":6},"end":{"line":77,"column":21}},"19":{"start":{"line":79,"column":6},"end":{"line":79,"column":47}},"20":{"start":{"line":80,"column":6},"end":{"line":80,"column":19}},"21":{"start":{"line":88,"column":4},"end":{"line":88,"column":31}},"22":{"start":{"line":95,"column":20},"end":{"line":95,"column":81}},"23":{"start":{"line":95,"column":57},"end":{"line":95,"column":79}},"24":{"start":{"line":96,"column":4},"end":{"line":96,"column":70}},"25":{"start":{"line":96,"column":52},"end":{"line":96,"column":67}},"26":{"start":{"line":47,"column":0},"end":{"line":47,"column":13}},"27":{"start":{"line":100,"column":13},"end":{"line":100,"column":69}}},"fnMap":{"0":{"name":"(anonymous_1)","decl":{"start":{"line":47,"column":0},"end":{"line":47,"column":13}},"loc":{"start":{"line":47,"column":0},"end":{"line":98,"column":1}}},"1":{"name":"(anonymous_2)","decl":{"start":{"line":55,"column":2},"end":{"line":55,"column":7}},"loc":{"start":{"line":55,"column":37},"end":{"line":82,"column":3}}},"2":{"name":"(anonymous_3)","decl":{"start":{"line":87,"column":2},"end":{"line":87,"column":21}},"loc":{"start":{"line":87,"column":21},"end":{"line":89,"column":3}}},"3":{"name":"(anonymous_4)","decl":{"start":{"line":94,"column":2},"end":{"line":94,"column":7}},"loc":{"start":{"line":94,"column":41},"end":{"line":97,"column":3}}},"4":{"name":"(anonymous_5)","decl":{"start":{"line":95,"column":50},"end":{"line":95,"column":51}},"loc":{"start":{"line":95,"column":57},"end":{"line":95,"column":79}}},"5":{"name":"(anonymous_6)","decl":{"start":{"line":96,"column":42},"end":{"line":96,"column":43}},"loc":{"start":{"line":96,"column":52},"end":{"line":96,"column":67}}}},"branchMap":{"0":{"loc":{"start":{"line":56,"column":4},"end":{"line":58,"column":5}},"type":"if","locations":[{"start":{"line":56,"column":4},"end":{"line":58,"column":5}}]},"1":{"loc":{"start":{"line":56,"column":8},"end":{"line":56,"column":45}},"type":"binary-expr","locations":[{"start":{"line":56,"column":8},"end":{"line":56,"column":15}},{"start":{"line":56,"column":19},"end":{"line":56,"column":45}}]},"2":{"loc":{"start":{"line":63,"column":4},"end":{"line":69,"column":5}},"type":"if","locations":[{"start":{"line":63,"column":4},"end":{"line":69,"column":5}}]},"3":{"loc":{"start":{"line":66,"column":6},"end":{"line":68,"column":7}},"type":"if","locations":[{"start":{"line":66,"column":6},"end":{"line":68,"column":7}}]},"4":{"loc":{"start":{"line":67,"column":15},"end":{"line":67,"column":30}},"type":"binary-expr","locations":[{"start":{"line":67,"column":15},"end":{"line":67,"column":21}},{"start":{"line":67,"column":25},"end":{"line":67,"column":30}}]},"5":{"loc":{"start":{"line":74,"column":8},"end":{"line":74,"column":79}},"type":"binary-expr","locations":[{"start":{"line":74,"column":8},"end":{"line":74,"column":13}},{"start":{"line":74,"column":18},"end":{"line":74,"column":79}}]}},"s":{"0":1,"1":1,"2":1,"3":1,"4":1,"5":1,"6":0,"7":0,"8":0,"9":0,"10":0,"11":0,"12":0,"13":0,"14":0,"15":0,"16":0,"17":0,"18":0,"19":0,"20":0,"21":0,"22":0,"23":0,"24":0,"25":0,"26":1,"27":1},"f":{"0":1,"1":0,"2":0,"3":0,"4":0,"5":0},"b":{"0":[0],"1":[0,0],"2":[0],"3":[0],"4":[0,0],"5":[0,0]}}
,"C:\\Users\\agust\\OneDrive\\Escritorio\\Facultad\\Equilibrio-app\\apps\\backend\\src\\services\\YahooFinanceService.ts": {"path":"C:\\Users\\agust\\OneDrive\\Escritorio\\Facultad\\Equilibrio-app\\apps\\backend\\src\\services\\YahooFinanceService.ts","statementMap":{"0":{"start":{"line":1,"column":0},"end":{"line":1,"column":42}},"1":{"start":{"line":4,"column":21},"end":{"line":4,"column":39}},"2":{"start":{"line":8,"column":4},"end":{"line":19,"column":5}},"3":{"start":{"line":9,"column":20},"end":{"line":9,"column":52}},"4":{"start":{"line":10,"column":27},"end":{"line":10,"column":96}},"5":{"start":{"line":12,"column":6},"end":{"line":14,"column":7}},"6":{"start":{"line":13,"column":8},"end":{"line":13,"column":20}},"7":{"start":{"line":16,"column":6},"end":{"line":16,"column":25}},"8":{"start":{"line":18,"column":6},"end":{"line":18,"column":18}},"9":{"start":{"line":26,"column":4},"end":{"line":28,"column":5}},"10":{"start":{"line":27,"column":6},"end":{"line":27,"column":16}},"11":{"start":{"line":30,"column":4},"end":{"line":61,"column":5}},"12":{"start":{"line":31,"column":22},"end":{"line":31,"column":32}},"13":{"start":{"line":32,"column":22},"end":{"line":32,"column":84}},"14":{"start":{"line":34,"column":26},"end":{"line":38,"column":8}},"15":{"start":{"line":44,"column":6},"end":{"line":58,"column":58}},"16":{"start":{"line":46,"column":30},"end":{"line":46,"column":83}},"17":{"start":{"line":47,"column":33},"end":{"line":47,"column":89}},"18":{"start":{"line":48,"column":31},"end":{"line":48,"column":90}},"19":{"start":{"line":49,"column":29},"end":{"line":49,"column":60}},"20":{"start":{"line":51,"column":10},"end":{"line":56,"column":12}},"21":{"start":{"line":58,"column":25},"end":{"line":58,"column":56}},"22":{"start":{"line":60,"column":6},"end":{"line":60,"column":16}},"23":{"start":{"line":6,"column":0},"end":{"line":6,"column":13}}},"fnMap":{"0":{"name":"(anonymous_1)","decl":{"start":{"line":7,"column":2},"end":{"line":7,"column":7}},"loc":{"start":{"line":7,"column":38},"end":{"line":20,"column":3}}},"1":{"name":"(anonymous_2)","decl":{"start":{"line":22,"column":2},"end":{"line":22,"column":7}},"loc":{"start":{"line":24,"column":22},"end":{"line":62,"column":3}}},"2":{"name":"(anonymous_3)","decl":{"start":{"line":45,"column":13},"end":{"line":45,"column":14}},"loc":{"start":{"line":45,"column":21},"end":{"line":57,"column":9}}},"3":{"name":"(anonymous_4)","decl":{"start":{"line":58,"column":16},"end":{"line":58,"column":17}},"loc":{"start":{"line":58,"column":25},"end":{"line":58,"column":56}}}},"branchMap":{"0":{"loc":{"start":{"line":12,"column":6},"end":{"line":14,"column":7}},"type":"if","locations":[{"start":{"line":12,"column":6},"end":{"line":14,"column":7}}]},"1":{"loc":{"start":{"line":12,"column":10},"end":{"line":12,"column":74}},"type":"binary-expr","locations":[{"start":{"line":12,"column":10},"end":{"line":12,"column":41}},{"start":{"line":12,"column":45},"end":{"line":12,"column":74}}]},"2":{"loc":{"start":{"line":26,"column":4},"end":{"line":28,"column":5}},"type":"if","locations":[{"start":{"line":26,"column":4},"end":{"line":28,"column":5}}]},"3":{"loc":{"start":{"line":48,"column":31},"end":{"line":48,"column":90}},"type":"cond-expr","locations":[{"start":{"line":48,"column":64},"end":{"line":48,"column":74}},{"start":{"line":48,"column":77},"end":{"line":48,"column":90}}]},"4":{"loc":{"start":{"line":53,"column":24},"end":{"line":55,"column":26}},"type":"cond-expr","locations":[{"start":{"line":54,"column":16},"end":{"line":54,"column":28}},{"start":{"line":55,"column":16},"end":{"line":55,"column":26}}]},"5":{"loc":{"start":{"line":53,"column":24},"end":{"line":53,"column":89}},"type":"binary-expr","locations":[{"start":{"line":53,"column":24},"end":{"line":53,"column":56}},{"start":{"line":53,"column":60},"end":{"line":53,"column":89}}]}},"s":{"0":1,"1":1,"2":1,"3":1,"4":0,"5":0,"6":0,"7":0,"8":1,"9":0,"10":0,"11":0,"12":0,"13":0,"14":0,"15":0,"16":0,"17":0,"18":0,"19":0,"20":0,"21":0,"22":0,"23":1},"f":{"0":1,"1":0,"2":0,"3":0},"b":{"0":[0],"1":[0,0],"2":[0],"3":[0,0],"4":[0,0],"5":[0,0]}}
}
