{"C:\\Users\\agust\\OneDrive\\Escritorio\\Facultad\\Equilibrio-app\\apps\\backend\\src\\index.ts": {"path":"C:\\Users\\agust\\OneDrive\\Escritorio\\Facultad\\Equilibrio-app\\apps\\backend\\src\\index.ts","statementMap":{"0":{"start":{"line":1,"column":0},"end":{"line":1,"column":24}},"1":{"start":{"line":2,"column":0},"end":{"line":2,"column":53}},"2":{"start":{"line":3,"column":0},"end":{"line":3,"column":25}},"3":{"start":{"line":4,"column":0},"end":{"line":4,"column":29}},"4":{"start":{"line":5,"column":0},"end":{"line":5,"column":41}},"5":{"start":{"line":6,"column":0},"end":{"line":6,"column":38}},"6":{"start":{"line":7,"column":0},"end":{"line":7,"column":null}},"7":{"start":{"line":16,"column":0},"end":{"line":16,"column":54}},"8":{"start":{"line":17,"column":0},"end":{"line":17,"column":89}},"9":{"start":{"line":18,"column":0},"end":{"line":18,"column":87}},"10":{"start":{"line":19,"column":0},"end":{"line":19,"column":69}},"11":{"start":{"line":20,"column":0},"end":{"line":20,"column":61}},"12":{"start":{"line":21,"column":0},"end":{"line":21,"column":77}},"13":{"start":{"line":22,"column":0},"end":{"line":22,"column":64}},"14":{"start":{"line":24,"column":12},"end":{"line":24,"column":21}},"15":{"start":{"line":25,"column":13},"end":{"line":25,"column":17}},"16":{"start":{"line":29,"column":22},"end":{"line":29,"column":56}},"17":{"start":{"line":31,"column":0},"end":{"line":36,"column":1}},"18":{"start":{"line":32,"column":1},"end":{"line":32,"column":27}},"19":{"start":{"line":34,"column":1},"end":{"line":34,"column":58}},"20":{"start":{"line":35,"column":1},"end":{"line":35,"column":50}},"21":{"start":{"line":38,"column":17},"end":{"line":38,"column":43}},"22":{"start":{"line":433,"column":9},"end":{"line":433,"column":17}},"23":{"start":{"line":39,"column":0},"end":{"line":39,"column":24}},"24":{"start":{"line":40,"column":30},"end":{"line":40,"column":71}},"25":{"start":{"line":41,"column":29},"end":{"line":41,"column":69}},"26":{"start":{"line":42,"column":30},"end":{"line":42,"column":78}},"27":{"start":{"line":43,"column":26},"end":{"line":43,"column":51}},"28":{"start":{"line":44,"column":24},"end":{"line":44,"column":45}},"29":{"start":{"line":45,"column":35},"end":{"line":48,"column":null}},"30":{"start":{"line":50,"column":37},"end":{"line":52,"column":null}},"31":{"start":{"line":54,"column":32},"end":{"line":56,"column":null}},"32":{"start":{"line":60,"column":0},"end":{"line":62,"column":1}},"33":{"start":{"line":61,"column":1},"end":{"line":61,"column":50}},"34":{"start":{"line":64,"column":29},"end":{"line":75,"column":1}},"35":{"start":{"line":65,"column":1},"end":{"line":67,"column":2}},"36":{"start":{"line":66,"column":2},"end":{"line":66,"column":18}},"37":{"start":{"line":69,"column":16},"end":{"line":69,"column":42}},"38":{"start":{"line":70,"column":1},"end":{"line":72,"column":2}},"39":{"start":{"line":71,"column":2},"end":{"line":71,"column":18}},"40":{"start":{"line":74,"column":1},"end":{"line":74,"column":15}},"41":{"start":{"line":77,"column":20},"end":{"line":83,"column":1}},"42":{"start":{"line":78,"column":1},"end":{"line":80,"column":2}},"43":{"start":{"line":79,"column":2},"end":{"line":79,"column":15}},"44":{"start":{"line":82,"column":1},"end":{"line":82,"column":15}},"45":{"start":{"line":85,"column":23},"end":{"line":91,"column":1}},"46":{"start":{"line":86,"column":1},"end":{"line":88,"column":2}},"47":{"start":{"line":87,"column":2},"end":{"line":87,"column":15}},"48":{"start":{"line":90,"column":1},"end":{"line":90,"column":15}},"49":{"start":{"line":95,"column":23},"end":{"line":101,"column":1}},"50":{"start":{"line":96,"column":1},"end":{"line":98,"column":2}},"51":{"start":{"line":97,"column":2},"end":{"line":97,"column":15}},"52":{"start":{"line":100,"column":1},"end":{"line":100,"column":23}},"53":{"start":{"line":103,"column":0},"end":{"line":103,"column":16}},"54":{"start":{"line":104,"column":0},"end":{"line":104,"column":24}},"55":{"start":{"line":106,"column":0},"end":{"line":120,"column":3}},"56":{"start":{"line":107,"column":1},"end":{"line":119,"column":4}},"57":{"start":{"line":122,"column":0},"end":{"line":128,"column":3}},"58":{"start":{"line":123,"column":1},"end":{"line":127,"column":4}},"59":{"start":{"line":130,"column":0},"end":{"line":139,"column":3}},"60":{"start":{"line":131,"column":1},"end":{"line":138,"column":2}},"61":{"start":{"line":132,"column":27},"end":{"line":132,"column":78}},"62":{"start":{"line":134,"column":2},"end":{"line":134,"column":40}},"63":{"start":{"line":136,"column":18},"end":{"line":136,"column":77}},"64":{"start":{"line":137,"column":2},"end":{"line":137,"column":43}},"65":{"start":{"line":141,"column":0},"end":{"line":164,"column":3}},"66":{"start":{"line":142,"column":1},"end":{"line":163,"column":2}},"67":{"start":{"line":143,"column":17},"end":{"line":143,"column":84}},"68":{"start":{"line":144,"column":18},"end":{"line":144,"column":87}},"69":{"start":{"line":145,"column":15},"end":{"line":145,"column":54}},"70":{"start":{"line":146,"column":19},"end":{"line":146,"column":63}},"71":{"start":{"line":147,"column":17},"end":{"line":147,"column":46}},"72":{"start":{"line":148,"column":20},"end":{"line":148,"column":55}},"73":{"start":{"line":150,"column":17},"end":{"line":157,"column":4}},"74":{"start":{"line":159,"column":2},"end":{"line":159,"column":26}},"75":{"start":{"line":161,"column":18},"end":{"line":161,"column":77}},"76":{"start":{"line":162,"column":2},"end":{"line":162,"column":43}},"77":{"start":{"line":166,"column":0},"end":{"line":207,"column":3}},"78":{"start":{"line":167,"column":1},"end":{"line":206,"column":2}},"79":{"start":{"line":168,"column":13},"end":{"line":168,"column":76}},"80":{"start":{"line":178,"column":6},"end":{"line":178,"column":14}},"81":{"start":{"line":180,"column":2},"end":{"line":182,"column":3}},"82":{"start":{"line":181,"column":3},"end":{"line":181,"column":82}},"83":{"start":{"line":184,"column":19},"end":{"line":184,"column":59}},"84":{"start":{"line":185,"column":2},"end":{"line":187,"column":3}},"85":{"start":{"line":186,"column":3},"end":{"line":186,"column":73}},"86":{"start":{"line":189,"column":22},"end":{"line":198,"column":null}},"87":{"start":{"line":201,"column":2},"end":{"line":201,"column":58}},"88":{"start":{"line":202,"column":2},"end":{"line":202,"column":31}},"89":{"start":{"line":204,"column":18},"end":{"line":204,"column":77}},"90":{"start":{"line":205,"column":2},"end":{"line":205,"column":43}},"91":{"start":{"line":209,"column":0},"end":{"line":223,"column":3}},"92":{"start":{"line":210,"column":1},"end":{"line":222,"column":2}},"93":{"start":{"line":211,"column":13},"end":{"line":211,"column":76}},"94":{"start":{"line":212,"column":22},"end":{"line":212,"column":62}},"95":{"start":{"line":214,"column":2},"end":{"line":216,"column":3}},"96":{"start":{"line":215,"column":3},"end":{"line":215,"column":73}},"97":{"start":{"line":218,"column":2},"end":{"line":218,"column":31}},"98":{"start":{"line":220,"column":18},"end":{"line":220,"column":77}},"99":{"start":{"line":221,"column":2},"end":{"line":221,"column":43}},"100":{"start":{"line":225,"column":0},"end":{"line":235,"column":3}},"101":{"start":{"line":226,"column":1},"end":{"line":234,"column":2}},"102":{"start":{"line":227,"column":17},"end":{"line":227,"column":92}},"103":{"start":{"line":228,"column":18},"end":{"line":228,"column":66}},"104":{"start":{"line":230,"column":2},"end":{"line":230,"column":39}},"105":{"start":{"line":232,"column":18},"end":{"line":232,"column":77}},"106":{"start":{"line":233,"column":2},"end":{"line":233,"column":43}},"107":{"start":{"line":237,"column":0},"end":{"line":247,"column":3}},"108":{"start":{"line":238,"column":1},"end":{"line":246,"column":2}},"109":{"start":{"line":239,"column":17},"end":{"line":239,"column":92}},"110":{"start":{"line":240,"column":20},"end":{"line":240,"column":70}},"111":{"start":{"line":242,"column":2},"end":{"line":242,"column":41}},"112":{"start":{"line":244,"column":18},"end":{"line":244,"column":77}},"113":{"start":{"line":245,"column":2},"end":{"line":245,"column":43}},"114":{"start":{"line":249,"column":0},"end":{"line":263,"column":3}},"115":{"start":{"line":250,"column":1},"end":{"line":262,"column":2}},"116":{"start":{"line":251,"column":13},"end":{"line":251,"column":76}},"117":{"start":{"line":252,"column":18},"end":{"line":252,"column":60}},"118":{"start":{"line":254,"column":2},"end":{"line":256,"column":3}},"119":{"start":{"line":255,"column":3},"end":{"line":255,"column":73}},"120":{"start":{"line":258,"column":2},"end":{"line":258,"column":32}},"121":{"start":{"line":260,"column":18},"end":{"line":260,"column":77}},"122":{"start":{"line":261,"column":2},"end":{"line":261,"column":43}},"123":{"start":{"line":265,"column":0},"end":{"line":273,"column":3}},"124":{"start":{"line":266,"column":1},"end":{"line":272,"column":2}},"125":{"start":{"line":267,"column":18},"end":{"line":267,"column":63}},"126":{"start":{"line":268,"column":2},"end":{"line":268,"column":27}},"127":{"start":{"line":270,"column":18},"end":{"line":270,"column":77}},"128":{"start":{"line":271,"column":2},"end":{"line":271,"column":43}},"129":{"start":{"line":275,"column":0},"end":{"line":289,"column":3}},"130":{"start":{"line":276,"column":1},"end":{"line":288,"column":2}},"131":{"start":{"line":277,"column":21},"end":{"line":277,"column":29}},"132":{"start":{"line":279,"column":2},"end":{"line":281,"column":3}},"133":{"start":{"line":280,"column":3},"end":{"line":280,"column":64}},"134":{"start":{"line":283,"column":18},"end":{"line":283,"column":70}},"135":{"start":{"line":284,"column":2},"end":{"line":284,"column":61}},"136":{"start":{"line":286,"column":18},"end":{"line":286,"column":77}},"137":{"start":{"line":287,"column":2},"end":{"line":287,"column":43}},"138":{"start":{"line":291,"column":0},"end":{"line":334,"column":3}},"139":{"start":{"line":292,"column":1},"end":{"line":333,"column":2}},"140":{"start":{"line":303,"column":6},"end":{"line":303,"column":14}},"141":{"start":{"line":306,"column":24},"end":{"line":306,"column":77}},"142":{"start":{"line":307,"column":2},"end":{"line":311,"column":3}},"143":{"start":{"line":308,"column":3},"end":{"line":310,"column":6}},"144":{"start":{"line":313,"column":22},"end":{"line":323,"column":4}},"145":{"start":{"line":325,"column":2},"end":{"line":325,"column":43}},"146":{"start":{"line":327,"column":2},"end":{"line":329,"column":3}},"147":{"start":{"line":328,"column":3},"end":{"line":328,"column":84}},"148":{"start":{"line":331,"column":18},"end":{"line":331,"column":77}},"149":{"start":{"line":332,"column":2},"end":{"line":332,"column":43}},"150":{"start":{"line":336,"column":0},"end":{"line":388,"column":3}},"151":{"start":{"line":337,"column":1},"end":{"line":387,"column":2}},"152":{"start":{"line":343,"column":6},"end":{"line":343,"column":14}},"153":{"start":{"line":345,"column":2},"end":{"line":347,"column":3}},"154":{"start":{"line":346,"column":3},"end":{"line":346,"column":103}},"155":{"start":{"line":349,"column":2},"end":{"line":351,"column":3}},"156":{"start":{"line":350,"column":3},"end":{"line":350,"column":87}},"157":{"start":{"line":353,"column":2},"end":{"line":355,"column":3}},"158":{"start":{"line":354,"column":3},"end":{"line":354,"column":95}},"159":{"start":{"line":358,"column":24},"end":{"line":358,"column":77}},"160":{"start":{"line":359,"column":2},"end":{"line":363,"column":3}},"161":{"start":{"line":360,"column":3},"end":{"line":362,"column":6}},"162":{"start":{"line":365,"column":16},"end":{"line":371,"column":null}},"163":{"start":{"line":374,"column":2},"end":{"line":374,"column":41}},"164":{"start":{"line":376,"column":2},"end":{"line":383,"column":5}},"165":{"start":{"line":385,"column":18},"end":{"line":385,"column":77}},"166":{"start":{"line":386,"column":2},"end":{"line":386,"column":43}},"167":{"start":{"line":390,"column":0},"end":{"line":408,"column":3}},"168":{"start":{"line":391,"column":1},"end":{"line":407,"column":2}},"169":{"start":{"line":392,"column":17},"end":{"line":392,"column":92}},"170":{"start":{"line":394,"column":17},"end":{"line":394,"column":64}},"171":{"start":{"line":396,"column":2},"end":{"line":403,"column":7}},"172":{"start":{"line":396,"column":41},"end":{"line":403,"column":4}},"173":{"start":{"line":405,"column":18},"end":{"line":405,"column":77}},"174":{"start":{"line":406,"column":2},"end":{"line":406,"column":43}},"175":{"start":{"line":410,"column":0},"end":{"line":425,"column":3}},"176":{"start":{"line":411,"column":1},"end":{"line":424,"column":2}},"177":{"start":{"line":412,"column":13},"end":{"line":412,"column":76}},"178":{"start":{"line":414,"column":18},"end":{"line":414,"column":59}},"179":{"start":{"line":416,"column":2},"end":{"line":418,"column":3}},"180":{"start":{"line":417,"column":3},"end":{"line":417,"column":68}},"181":{"start":{"line":420,"column":2},"end":{"line":420,"column":32}},"182":{"start":{"line":422,"column":18},"end":{"line":422,"column":77}},"183":{"start":{"line":423,"column":2},"end":{"line":423,"column":43}},"184":{"start":{"line":427,"column":0},"end":{"line":430,"column":3}},"185":{"start":{"line":428,"column":1},"end":{"line":428,"column":18}},"186":{"start":{"line":429,"column":1},"end":{"line":429,"column":17}},"187":{"start":{"line":434,"column":0},"end":{"line":434,"column":19}},"188":{"start":{"line":437,"column":0},"end":{"line":441,"column":1}},"189":{"start":{"line":438,"column":1},"end":{"line":440,"column":4}},"190":{"start":{"line":439,"column":2},"end":{"line":439,"column":67}}},"fnMap":{"0":{"name":"(anonymous_1)","decl":{"start":{"line":64,"column":29},"end":{"line":64,"column":30}},"loc":{"start":{"line":64,"column":74},"end":{"line":75,"column":1}}},"1":{"name":"(anonymous_2)","decl":{"start":{"line":77,"column":20},"end":{"line":77,"column":21}},"loc":{"start":{"line":77,"column":70},"end":{"line":83,"column":1}}},"2":{"name":"(anonymous_3)","decl":{"start":{"line":85,"column":23},"end":{"line":85,"column":24}},"loc":{"start":{"line":85,"column":58},"end":{"line":91,"column":1}}},"3":{"name":"(anonymous_4)","decl":{"start":{"line":95,"column":23},"end":{"line":95,"column":24}},"loc":{"start":{"line":95,"column":53},"end":{"line":101,"column":1}}},"4":{"name":"(anonymous_5)","decl":{"start":{"line":106,"column":13},"end":{"line":106,"column":14}},"loc":{"start":{"line":106,"column":46},"end":{"line":120,"column":1}}},"5":{"name":"(anonymous_6)","decl":{"start":{"line":122,"column":19},"end":{"line":122,"column":20}},"loc":{"start":{"line":122,"column":52},"end":{"line":128,"column":1}}},"6":{"name":"(anonymous_7)","decl":{"start":{"line":130,"column":30},"end":{"line":130,"column":35}},"loc":{"start":{"line":130,"column":69},"end":{"line":139,"column":1}}},"7":{"name":"(anonymous_8)","decl":{"start":{"line":141,"column":29},"end":{"line":141,"column":34}},"loc":{"start":{"line":141,"column":67},"end":{"line":164,"column":1}}},"8":{"name":"(anonymous_9)","decl":{"start":{"line":166,"column":33},"end":{"line":166,"column":38}},"loc":{"start":{"line":166,"column":71},"end":{"line":207,"column":1}}},"9":{"name":"(anonymous_10)","decl":{"start":{"line":209,"column":33},"end":{"line":209,"column":38}},"loc":{"start":{"line":209,"column":71},"end":{"line":223,"column":1}}},"10":{"name":"(anonymous_11)","decl":{"start":{"line":225,"column":34},"end":{"line":225,"column":39}},"loc":{"start":{"line":225,"column":72},"end":{"line":235,"column":1}}},"11":{"name":"(anonymous_12)","decl":{"start":{"line":237,"column":44},"end":{"line":237,"column":49}},"loc":{"start":{"line":237,"column":82},"end":{"line":247,"column":1}}},"12":{"name":"(anonymous_13)","decl":{"start":{"line":249,"column":36},"end":{"line":249,"column":41}},"loc":{"start":{"line":249,"column":74},"end":{"line":263,"column":1}}},"13":{"name":"(anonymous_14)","decl":{"start":{"line":265,"column":34},"end":{"line":265,"column":35}},"loc":{"start":{"line":265,"column":66},"end":{"line":273,"column":1}}},"14":{"name":"(anonymous_15)","decl":{"start":{"line":275,"column":34},"end":{"line":275,"column":39}},"loc":{"start":{"line":275,"column":72},"end":{"line":289,"column":1}}},"15":{"name":"(anonymous_16)","decl":{"start":{"line":291,"column":30},"end":{"line":291,"column":35}},"loc":{"start":{"line":291,"column":68},"end":{"line":334,"column":1}}},"16":{"name":"(anonymous_17)","decl":{"start":{"line":336,"column":24},"end":{"line":336,"column":29}},"loc":{"start":{"line":336,"column":62},"end":{"line":388,"column":1}}},"17":{"name":"(anonymous_18)","decl":{"start":{"line":390,"column":31},"end":{"line":390,"column":36}},"loc":{"start":{"line":390,"column":69},"end":{"line":408,"column":1}}},"18":{"name":"(anonymous_19)","decl":{"start":{"line":396,"column":29},"end":{"line":396,"column":30}},"loc":{"start":{"line":396,"column":41},"end":{"line":403,"column":4}}},"19":{"name":"(anonymous_20)","decl":{"start":{"line":410,"column":30},"end":{"line":410,"column":35}},"loc":{"start":{"line":410,"column":68},"end":{"line":425,"column":1}}},"20":{"name":"(anonymous_21)","decl":{"start":{"line":427,"column":21},"end":{"line":427,"column":24}},"loc":{"start":{"line":427,"column":26},"end":{"line":430,"column":1}}},"21":{"name":"(anonymous_22)","decl":{"start":{"line":438,"column":18},"end":{"line":438,"column":21}},"loc":{"start":{"line":438,"column":23},"end":{"line":440,"column":2}}}},"branchMap":{"0":{"loc":{"start":{"line":31,"column":0},"end":{"line":36,"column":1}},"type":"if","locations":[{"start":{"line":31,"column":0},"end":{"line":36,"column":1}},{"start":{"line":33,"column":7},"end":{"line":36,"column":1}}]},"1":{"loc":{"start":{"line":60,"column":0},"end":{"line":62,"column":1}},"type":"if","locations":[{"start":{"line":60,"column":0},"end":{"line":62,"column":1}}]},"2":{"loc":{"start":{"line":65,"column":1},"end":{"line":67,"column":2}},"type":"if","locations":[{"start":{"line":65,"column":1},"end":{"line":67,"column":2}}]},"3":{"loc":{"start":{"line":70,"column":1},"end":{"line":72,"column":2}},"type":"if","locations":[{"start":{"line":70,"column":1},"end":{"line":72,"column":2}}]},"4":{"loc":{"start":{"line":70,"column":5},"end":{"line":70,"column":44}},"type":"binary-expr","locations":[{"start":{"line":70,"column":5},"end":{"line":70,"column":29}},{"start":{"line":70,"column":33},"end":{"line":70,"column":44}}]},"5":{"loc":{"start":{"line":78,"column":1},"end":{"line":80,"column":2}},"type":"if","locations":[{"start":{"line":78,"column":1},"end":{"line":80,"column":2}}]},"6":{"loc":{"start":{"line":78,"column":5},"end":{"line":78,"column":66}},"type":"binary-expr","locations":[{"start":{"line":78,"column":5},"end":{"line":78,"column":22}},{"start":{"line":78,"column":26},"end":{"line":78,"column":46}},{"start":{"line":78,"column":50},"end":{"line":78,"column":66}}]},"7":{"loc":{"start":{"line":86,"column":1},"end":{"line":88,"column":2}},"type":"if","locations":[{"start":{"line":86,"column":1},"end":{"line":88,"column":2}}]},"8":{"loc":{"start":{"line":86,"column":5},"end":{"line":86,"column":40}},"type":"binary-expr","locations":[{"start":{"line":86,"column":5},"end":{"line":86,"column":20}},{"start":{"line":86,"column":24},"end":{"line":86,"column":40}}]},"9":{"loc":{"start":{"line":96,"column":1},"end":{"line":98,"column":2}},"type":"if","locations":[{"start":{"line":96,"column":1},"end":{"line":98,"column":2}}]},"10":{"loc":{"start":{"line":96,"column":5},"end":{"line":96,"column":51}},"type":"binary-expr","locations":[{"start":{"line":96,"column":5},"end":{"line":96,"column":23}},{"start":{"line":96,"column":27},"end":{"line":96,"column":51}}]},"11":{"loc":{"start":{"line":136,"column":18},"end":{"line":136,"column":77}},"type":"cond-expr","locations":[{"start":{"line":136,"column":43},"end":{"line":136,"column":56}},{"start":{"line":136,"column":59},"end":{"line":136,"column":77}}]},"12":{"loc":{"start":{"line":143,"column":17},"end":{"line":143,"column":84}},"type":"cond-expr","locations":[{"start":{"line":143,"column":56},"end":{"line":143,"column":72}},{"start":{"line":143,"column":75},"end":{"line":143,"column":84}}]},"13":{"loc":{"start":{"line":144,"column":18},"end":{"line":144,"column":87}},"type":"cond-expr","locations":[{"start":{"line":144,"column":58},"end":{"line":144,"column":75}},{"start":{"line":144,"column":78},"end":{"line":144,"column":87}}]},"14":{"loc":{"start":{"line":161,"column":18},"end":{"line":161,"column":77}},"type":"cond-expr","locations":[{"start":{"line":161,"column":43},"end":{"line":161,"column":56}},{"start":{"line":161,"column":59},"end":{"line":161,"column":77}}]},"15":{"loc":{"start":{"line":168,"column":13},"end":{"line":168,"column":76}},"type":"cond-expr","locations":[{"start":{"line":168,"column":44},"end":{"line":168,"column":60}},{"start":{"line":168,"column":63},"end":{"line":168,"column":76}}]},"16":{"loc":{"start":{"line":180,"column":2},"end":{"line":182,"column":3}},"type":"if","locations":[{"start":{"line":180,"column":2},"end":{"line":182,"column":3}}]},"17":{"loc":{"start":{"line":185,"column":2},"end":{"line":187,"column":3}},"type":"if","locations":[{"start":{"line":185,"column":2},"end":{"line":187,"column":3}}]},"18":{"loc":{"start":{"line":204,"column":18},"end":{"line":204,"column":77}},"type":"cond-expr","locations":[{"start":{"line":204,"column":43},"end":{"line":204,"column":56}},{"start":{"line":204,"column":59},"end":{"line":204,"column":77}}]},"19":{"loc":{"start":{"line":211,"column":13},"end":{"line":211,"column":76}},"type":"cond-expr","locations":[{"start":{"line":211,"column":44},"end":{"line":211,"column":60}},{"start":{"line":211,"column":63},"end":{"line":211,"column":76}}]},"20":{"loc":{"start":{"line":214,"column":2},"end":{"line":216,"column":3}},"type":"if","locations":[{"start":{"line":214,"column":2},"end":{"line":216,"column":3}}]},"21":{"loc":{"start":{"line":220,"column":18},"end":{"line":220,"column":77}},"type":"cond-expr","locations":[{"start":{"line":220,"column":43},"end":{"line":220,"column":56}},{"start":{"line":220,"column":59},"end":{"line":220,"column":77}}]},"22":{"loc":{"start":{"line":227,"column":17},"end":{"line":227,"column":92}},"type":"cond-expr","locations":[{"start":{"line":227,"column":52},"end":{"line":227,"column":72}},{"start":{"line":227,"column":75},"end":{"line":227,"column":92}}]},"23":{"loc":{"start":{"line":232,"column":18},"end":{"line":232,"column":77}},"type":"cond-expr","locations":[{"start":{"line":232,"column":43},"end":{"line":232,"column":56}},{"start":{"line":232,"column":59},"end":{"line":232,"column":77}}]},"24":{"loc":{"start":{"line":239,"column":17},"end":{"line":239,"column":92}},"type":"cond-expr","locations":[{"start":{"line":239,"column":52},"end":{"line":239,"column":72}},{"start":{"line":239,"column":75},"end":{"line":239,"column":92}}]},"25":{"loc":{"start":{"line":244,"column":18},"end":{"line":244,"column":77}},"type":"cond-expr","locations":[{"start":{"line":244,"column":43},"end":{"line":244,"column":56}},{"start":{"line":244,"column":59},"end":{"line":244,"column":77}}]},"26":{"loc":{"start":{"line":251,"column":13},"end":{"line":251,"column":76}},"type":"cond-expr","locations":[{"start":{"line":251,"column":44},"end":{"line":251,"column":60}},{"start":{"line":251,"column":63},"end":{"line":251,"column":76}}]},"27":{"loc":{"start":{"line":254,"column":2},"end":{"line":256,"column":3}},"type":"if","locations":[{"start":{"line":254,"column":2},"end":{"line":256,"column":3}}]},"28":{"loc":{"start":{"line":260,"column":18},"end":{"line":260,"column":77}},"type":"cond-expr","locations":[{"start":{"line":260,"column":43},"end":{"line":260,"column":56}},{"start":{"line":260,"column":59},"end":{"line":260,"column":77}}]},"29":{"loc":{"start":{"line":270,"column":18},"end":{"line":270,"column":77}},"type":"cond-expr","locations":[{"start":{"line":270,"column":43},"end":{"line":270,"column":56}},{"start":{"line":270,"column":59},"end":{"line":270,"column":77}}]},"30":{"loc":{"start":{"line":279,"column":2},"end":{"line":281,"column":3}},"type":"if","locations":[{"start":{"line":279,"column":2},"end":{"line":281,"column":3}}]},"31":{"loc":{"start":{"line":279,"column":6},"end":{"line":279,"column":43}},"type":"binary-expr","locations":[{"start":{"line":279,"column":6},"end":{"line":279,"column":13}},{"start":{"line":279,"column":17},"end":{"line":279,"column":43}}]},"32":{"loc":{"start":{"line":286,"column":18},"end":{"line":286,"column":77}},"type":"cond-expr","locations":[{"start":{"line":286,"column":43},"end":{"line":286,"column":56}},{"start":{"line":286,"column":59},"end":{"line":286,"column":77}}]},"33":{"loc":{"start":{"line":307,"column":2},"end":{"line":311,"column":3}},"type":"if","locations":[{"start":{"line":307,"column":2},"end":{"line":311,"column":3}}]},"34":{"loc":{"start":{"line":327,"column":2},"end":{"line":329,"column":3}},"type":"if","locations":[{"start":{"line":327,"column":2},"end":{"line":329,"column":3}}]},"35":{"loc":{"start":{"line":327,"column":6},"end":{"line":327,"column":82}},"type":"binary-expr","locations":[{"start":{"line":327,"column":6},"end":{"line":327,"column":28}},{"start":{"line":327,"column":32},"end":{"line":327,"column":82}}]},"36":{"loc":{"start":{"line":331,"column":18},"end":{"line":331,"column":77}},"type":"cond-expr","locations":[{"start":{"line":331,"column":43},"end":{"line":331,"column":56}},{"start":{"line":331,"column":59},"end":{"line":331,"column":77}}]},"37":{"loc":{"start":{"line":345,"column":2},"end":{"line":347,"column":3}},"type":"if","locations":[{"start":{"line":345,"column":2},"end":{"line":347,"column":3}}]},"38":{"loc":{"start":{"line":345,"column":6},"end":{"line":345,"column":68}},"type":"binary-expr","locations":[{"start":{"line":345,"column":6},"end":{"line":345,"column":13}},{"start":{"line":345,"column":17},"end":{"line":345,"column":25}},{"start":{"line":345,"column":29},"end":{"line":345,"column":54}},{"start":{"line":345,"column":58},"end":{"line":345,"column":68}}]},"39":{"loc":{"start":{"line":349,"column":2},"end":{"line":351,"column":3}},"type":"if","locations":[{"start":{"line":349,"column":2},"end":{"line":351,"column":3}}]},"40":{"loc":{"start":{"line":349,"column":6},"end":{"line":349,"column":57}},"type":"binary-expr","locations":[{"start":{"line":349,"column":6},"end":{"line":349,"column":37}},{"start":{"line":349,"column":41},"end":{"line":349,"column":57}}]},"41":{"loc":{"start":{"line":353,"column":2},"end":{"line":355,"column":3}},"type":"if","locations":[{"start":{"line":353,"column":2},"end":{"line":355,"column":3}}]},"42":{"loc":{"start":{"line":353,"column":6},"end":{"line":353,"column":63}},"type":"binary-expr","locations":[{"start":{"line":353,"column":6},"end":{"line":353,"column":34}},{"start":{"line":353,"column":38},"end":{"line":353,"column":63}}]},"43":{"loc":{"start":{"line":359,"column":2},"end":{"line":363,"column":3}},"type":"if","locations":[{"start":{"line":359,"column":2},"end":{"line":363,"column":3}}]},"44":{"loc":{"start":{"line":385,"column":18},"end":{"line":385,"column":77}},"type":"cond-expr","locations":[{"start":{"line":385,"column":43},"end":{"line":385,"column":56}},{"start":{"line":385,"column":59},"end":{"line":385,"column":77}}]},"45":{"loc":{"start":{"line":392,"column":17},"end":{"line":392,"column":92}},"type":"cond-expr","locations":[{"start":{"line":392,"column":52},"end":{"line":392,"column":72}},{"start":{"line":392,"column":75},"end":{"line":392,"column":92}}]},"46":{"loc":{"start":{"line":405,"column":18},"end":{"line":405,"column":77}},"type":"cond-expr","locations":[{"start":{"line":405,"column":43},"end":{"line":405,"column":56}},{"start":{"line":405,"column":59},"end":{"line":405,"column":77}}]},"47":{"loc":{"start":{"line":412,"column":13},"end":{"line":412,"column":76}},"type":"cond-expr","locations":[{"start":{"line":412,"column":44},"end":{"line":412,"column":60}},{"start":{"line":412,"column":63},"end":{"line":412,"column":76}}]},"48":{"loc":{"start":{"line":416,"column":2},"end":{"line":418,"column":3}},"type":"if","locations":[{"start":{"line":416,"column":2},"end":{"line":418,"column":3}}]},"49":{"loc":{"start":{"line":422,"column":18},"end":{"line":422,"column":77}},"type":"cond-expr","locations":[{"start":{"line":422,"column":43},"end":{"line":422,"column":56}},{"start":{"line":422,"column":59},"end":{"line":422,"column":77}}]},"50":{"loc":{"start":{"line":437,"column":0},"end":{"line":441,"column":1}},"type":"if","locations":[{"start":{"line":437,"column":0},"end":{"line":441,"column":1}}]}},"s":{"0":1,"1":1,"2":1,"3":1,"4":1,"5":1,"6":1,"7":1,"8":1,"9":1,"10":1,"11":1,"12":1,"13":1,"14":1,"15":1,"16":1,"17":1,"18":1,"19":0,"20":0,"21":1,"22":1,"23":1,"24":1,"25":1,"26":1,"27":1,"28":1,"29":1,"30":1,"31":1,"32":1,"33":0,"34":1,"35":0,"36":0,"37":0,"38":0,"39":0,"40":0,"41":1,"42":0,"43":0,"44":0,"45":1,"46":0,"47":0,"48":0,"49":1,"50":0,"51":0,"52":0,"53":1,"54":1,"55":1,"56":0,"57":1,"58":0,"59":1,"60":0,"61":0,"62":0,"63":0,"64":0,"65":1,"66":0,"67":0,"68":0,"69":0,"70":0,"71":0,"72":0,"73":0,"74":0,"75":0,"76":0,"77":1,"78":0,"79":0,"80":0,"81":0,"82":0,"83":0,"84":0,"85":0,"86":0,"87":0,"88":0,"89":0,"90":0,"91":1,"92":0,"93":0,"94":0,"95":0,"96":0,"97":0,"98":0,"99":0,"100":1,"101":1,"102":1,"103":1,"104":1,"105":0,"106":0,"107":1,"108":0,"109":0,"110":0,"111":0,"112":0,"113":0,"114":1,"115":0,"116":0,"117":0,"118":0,"119":0,"120":0,"121":0,"122":0,"123":1,"124":0,"125":0,"126":0,"127":0,"128":0,"129":1,"130":0,"131":0,"132":0,"133":0,"134":0,"135":0,"136":0,"137":0,"138":1,"139":0,"140":0,"141":0,"142":0,"143":0,"144":0,"145":0,"146":0,"147":0,"148":0,"149":0,"150":1,"151":0,"152":0,"153":0,"154":0,"155":0,"156":0,"157":0,"158":0,"159":0,"160":0,"161":0,"162":0,"163":0,"164":0,"165":0,"166":0,"167":1,"168":0,"169":0,"170":0,"171":0,"172":0,"173":0,"174":0,"175":1,"176":0,"177":0,"178":0,"179":0,"180":0,"181":0,"182":0,"183":0,"184":1,"185":0,"186":0,"187":1,"188":1,"189":0,"190":0},"f":{"0":0,"1":0,"2":0,"3":0,"4":0,"5":0,"6":0,"7":0,"8":0,"9":0,"10":1,"11":0,"12":0,"13":0,"14":0,"15":0,"16":0,"17":0,"18":0,"19":0,"20":0,"21":0},"b":{"0":[1,0],"1":[0],"2":[0],"3":[0],"4":[0,0],"5":[0],"6":[0,0,0],"7":[0],"8":[0,0],"9":[0],"10":[0,0],"11":[0,0],"12":[0,0],"13":[0,0],"14":[0,0],"15":[0,0],"16":[0],"17":[0],"18":[0,0],"19":[0,0],"20":[0],"21":[0,0],"22":[0,1],"23":[0,0],"24":[0,0],"25":[0,0],"26":[0,0],"27":[0],"28":[0,0],"29":[0,0],"30":[0],"31":[0,0],"32":[0,0],"33":[0],"34":[0],"35":[0,0],"36":[0,0],"37":[0],"38":[0,0,0,0],"39":[0],"40":[0,0],"41":[0],"42":[0,0],"43":[0],"44":[0,0],"45":[0,0],"46":[0,0],"47":[0,0],"48":[0],"49":[0,0],"50":[0]}}
,"C:\\Users\\agust\\OneDrive\\Escritorio\\Facultad\\Equilibrio-app\\apps\\backend\\src\\database\\migrations.ts": {"path":"C:\\Users\\agust\\OneDrive\\Escritorio\\Facultad\\Equilibrio-app\\apps\\backend\\src\\database\\migrations.ts","statementMap":{"0":{"start":{"line":85,"column":0},"end":{"line":85,"column":16}},"1":{"start":{"line":9,"column":32},"end":{"line":83,"column":2}},"2":{"start":{"line":14,"column":6},"end":{"line":27,"column":14}},"3":{"start":{"line":34,"column":6},"end":{"line":36,"column":14}},"4":{"start":{"line":37,"column":6},"end":{"line":39,"column":14}},"5":{"start":{"line":40,"column":6},"end":{"line":42,"column":14}},"6":{"start":{"line":49,"column":6},"end":{"line":51,"column":14}},"7":{"start":{"line":58,"column":6},"end":{"line":71,"column":14}},"8":{"start":{"line":72,"column":6},"end":{"line":74,"column":14}},"9":{"start":{"line":75,"column":6},"end":{"line":77,"column":14}},"10":{"start":{"line":78,"column":6},"end":{"line":80,"column":14}},"11":{"start":{"line":86,"column":2},"end":{"line":94,"column":10}},"12":{"start":{"line":96,"column":19},"end":{"line":98,"column":40}},"13":{"start":{"line":100,"column":27},"end":{"line":100,"column":70}},"14":{"start":{"line":100,"column":57},"end":{"line":100,"column":68}},"15":{"start":{"line":102,"column":2},"end":{"line":115,"column":3}},"16":{"start":{"line":103,"column":4},"end":{"line":105,"column":5}},"17":{"start":{"line":104,"column":6},"end":{"line":104,"column":15}},"18":{"start":{"line":107,"column":24},"end":{"line":112,"column":6}},"19":{"start":{"line":108,"column":6},"end":{"line":108,"column":23}},"20":{"start":{"line":109,"column":6},"end":{"line":111,"column":73}},"21":{"start":{"line":114,"column":4},"end":{"line":114,"column":18}},"22":{"start":{"line":117,"column":2},"end":{"line":117,"column":27}}},"fnMap":{"0":{"name":"(anonymous_0)","decl":{"start":{"line":13,"column":8},"end":{"line":13,"column":9}},"loc":{"start":{"line":13,"column":15},"end":{"line":28,"column":5}}},"1":{"name":"(anonymous_1)","decl":{"start":{"line":33,"column":8},"end":{"line":33,"column":9}},"loc":{"start":{"line":33,"column":15},"end":{"line":43,"column":5}}},"2":{"name":"(anonymous_2)","decl":{"start":{"line":48,"column":8},"end":{"line":48,"column":9}},"loc":{"start":{"line":48,"column":15},"end":{"line":52,"column":5}}},"3":{"name":"(anonymous_3)","decl":{"start":{"line":57,"column":8},"end":{"line":57,"column":9}},"loc":{"start":{"line":57,"column":15},"end":{"line":81,"column":5}}},"4":{"name":"runMigrations","decl":{"start":{"line":85,"column":16},"end":{"line":85,"column":29}},"loc":{"start":{"line":85,"column":42},"end":{"line":118,"column":1}}},"5":{"name":"(anonymous_5)","decl":{"start":{"line":100,"column":48},"end":{"line":100,"column":49}},"loc":{"start":{"line":100,"column":57},"end":{"line":100,"column":68}}},"6":{"name":"(anonymous_6)","decl":{"start":{"line":107,"column":39},"end":{"line":107,"column":42}},"loc":{"start":{"line":107,"column":44},"end":{"line":112,"column":5}}}},"branchMap":{"0":{"loc":{"start":{"line":103,"column":4},"end":{"line":105,"column":5}},"type":"if","locations":[{"start":{"line":103,"column":4},"end":{"line":105,"column":5}}]}},"s":{"0":1,"1":1,"2":1,"3":1,"4":1,"5":1,"6":1,"7":1,"8":1,"9":1,"10":1,"11":1,"12":1,"13":1,"14":0,"15":1,"16":4,"17":0,"18":4,"19":4,"20":4,"21":4,"22":1},"f":{"0":1,"1":1,"2":1,"3":1,"4":1,"5":0,"6":4},"b":{"0":[0]}}
,"C:\\Users\\agust\\OneDrive\\Escritorio\\Facultad\\Equilibrio-app\\apps\\backend\\src\\jobs\\priceAlertsJob.ts": {"path":"C:\\Users\\agust\\OneDrive\\Escritorio\\Facultad\\Equilibrio-app\\apps\\backend\\src\\jobs\\priceAlertsJob.ts","statementMap":{"0":{"start":{"line":4,"column":0},"end":{"line":4,"column":16}},"1":{"start":{"line":1,"column":0},"end":{"line":1,"column":29}},"2":{"start":{"line":6,"column":2},"end":{"line":25,"column":5}},"3":{"start":{"line":7,"column":4},"end":{"line":24,"column":5}},"4":{"start":{"line":8,"column":6},"end":{"line":8,"column":88}},"5":{"start":{"line":9,"column":30},"end":{"line":9,"column":69}},"6":{"start":{"line":11,"column":6},"end":{"line":20,"column":7}},"7":{"start":{"line":12,"column":8},"end":{"line":12,"column":81}},"8":{"start":{"line":13,"column":8},"end":{"line":17,"column":11}},"9":{"start":{"line":14,"column":10},"end":{"line":16,"column":12}},"10":{"start":{"line":19,"column":8},"end":{"line":19,"column":53}},"11":{"start":{"line":22,"column":22},"end":{"line":22,"column":78}},"12":{"start":{"line":23,"column":6},"end":{"line":23,"column":73}},"13":{"start":{"line":27,"column":2},"end":{"line":27,"column":75}}},"fnMap":{"0":{"name":"startPriceAlertsCronJob","decl":{"start":{"line":4,"column":16},"end":{"line":4,"column":39}},"loc":{"start":{"line":4,"column":88},"end":{"line":28,"column":1}}},"1":{"name":"(anonymous_2)","decl":{"start":{"line":6,"column":31},"end":{"line":6,"column":36}},"loc":{"start":{"line":6,"column":42},"end":{"line":25,"column":3}}},"2":{"name":"(anonymous_3)","decl":{"start":{"line":13,"column":32},"end":{"line":13,"column":33}},"loc":{"start":{"line":13,"column":42},"end":{"line":17,"column":9}}}},"branchMap":{"0":{"loc":{"start":{"line":11,"column":6},"end":{"line":20,"column":7}},"type":"if","locations":[{"start":{"line":11,"column":6},"end":{"line":20,"column":7}},{"start":{"line":18,"column":13},"end":{"line":20,"column":7}}]},"1":{"loc":{"start":{"line":22,"column":22},"end":{"line":22,"column":78}},"type":"cond-expr","locations":[{"start":{"line":22,"column":47},"end":{"line":22,"column":60}},{"start":{"line":22,"column":63},"end":{"line":22,"column":78}}]}},"s":{"0":1,"1":1,"2":0,"3":0,"4":0,"5":0,"6":0,"7":0,"8":0,"9":0,"10":0,"11":0,"12":0,"13":0},"f":{"0":0,"1":0,"2":0},"b":{"0":[0,0],"1":[0,0]}}
,"C:\\Users\\agust\\OneDrive\\Escritorio\\Facultad\\Equilibrio-app\\apps\\backend\\src\\repositories\\SqlitePriceAlertRepository.ts": {"path":"C:\\Users\\agust\\OneDrive\\Escritorio\\Facultad\\Equilibrio-app\\apps\\backend\\src\\repositories\\SqlitePriceAlertRepository.ts","statementMap":{"0":{"start":{"line":2,"column":0},"end":{"line":2,"column":69}},"1":{"start":{"line":16,"column":31},"end":{"line":16,"column":43}},"2":{"start":{"line":19,"column":4},"end":{"line":34,"column":8}},"3":{"start":{"line":38,"column":17},"end":{"line":40,"column":31}},"4":{"start":{"line":42,"column":4},"end":{"line":44,"column":6}},"5":{"start":{"line":43,"column":6},"end":{"line":43,"column":31}},"6":{"start":{"line":48,"column":4},"end":{"line":56,"column":41}},"7":{"start":{"line":60,"column":16},"end":{"line":62,"column":43}},"8":{"start":{"line":64,"column":4},"end":{"line":64,"column":50}},"9":{"start":{"line":68,"column":17},"end":{"line":70,"column":37}},"10":{"start":{"line":72,"column":4},"end":{"line":72,"column":56}},"11":{"start":{"line":72,"column":29},"end":{"line":72,"column":54}},"12":{"start":{"line":76,"column":19},"end":{"line":78,"column":14}},"13":{"start":{"line":80,"column":4},"end":{"line":80,"column":37}},"14":{"start":{"line":84,"column":4},"end":{"line":91,"column":6}},"15":{"start":{"line":15,"column":0},"end":{"line":15,"column":13}}},"fnMap":{"0":{"name":"(anonymous_0)","decl":{"start":{"line":16,"column":2},"end":{"line":16,"column":31}},"loc":{"start":{"line":16,"column":43},"end":{"line":16,"column":47}}},"1":{"name":"(anonymous_1)","decl":{"start":{"line":18,"column":2},"end":{"line":18,"column":7}},"loc":{"start":{"line":18,"column":30},"end":{"line":35,"column":3}}},"2":{"name":"(anonymous_2)","decl":{"start":{"line":37,"column":2},"end":{"line":37,"column":7}},"loc":{"start":{"line":37,"column":24},"end":{"line":45,"column":3}}},"3":{"name":"(anonymous_3)","decl":{"start":{"line":42,"column":20},"end":{"line":42,"column":21}},"loc":{"start":{"line":43,"column":6},"end":{"line":43,"column":31}}},"4":{"name":"(anonymous_4)","decl":{"start":{"line":47,"column":2},"end":{"line":47,"column":7}},"loc":{"start":{"line":47,"column":34},"end":{"line":57,"column":3}}},"5":{"name":"(anonymous_5)","decl":{"start":{"line":59,"column":2},"end":{"line":59,"column":7}},"loc":{"start":{"line":59,"column":27},"end":{"line":65,"column":3}}},"6":{"name":"(anonymous_6)","decl":{"start":{"line":67,"column":2},"end":{"line":67,"column":7}},"loc":{"start":{"line":67,"column":35},"end":{"line":73,"column":3}}},"7":{"name":"(anonymous_7)","decl":{"start":{"line":72,"column":20},"end":{"line":72,"column":21}},"loc":{"start":{"line":72,"column":29},"end":{"line":72,"column":54}}},"8":{"name":"(anonymous_8)","decl":{"start":{"line":75,"column":2},"end":{"line":75,"column":7}},"loc":{"start":{"line":75,"column":29},"end":{"line":81,"column":3}}},"9":{"name":"(anonymous_9)","decl":{"start":{"line":83,"column":10},"end":{"line":83,"column":25}},"loc":{"start":{"line":83,"column":44},"end":{"line":92,"column":3}}}},"branchMap":{"0":{"loc":{"start":{"line":32,"column":8},"end":{"line":32,"column":30}},"type":"cond-expr","locations":[{"start":{"line":32,"column":25},"end":{"line":32,"column":26}},{"start":{"line":32,"column":29},"end":{"line":32,"column":30}}]},"1":{"loc":{"start":{"line":64,"column":11},"end":{"line":64,"column":49}},"type":"cond-expr","locations":[{"start":{"line":64,"column":17},"end":{"line":64,"column":42}},{"start":{"line":64,"column":45},"end":{"line":64,"column":49}}]},"2":{"loc":{"start":{"line":80,"column":12},"end":{"line":80,"column":31}},"type":"binary-expr","locations":[{"start":{"line":80,"column":12},"end":{"line":80,"column":26}},{"start":{"line":80,"column":30},"end":{"line":80,"column":31}}]}},"s":{"0":1,"1":1,"2":0,"3":0,"4":0,"5":0,"6":0,"7":0,"8":0,"9":0,"10":0,"11":0,"12":0,"13":0,"14":0,"15":1},"f":{"0":1,"1":0,"2":0,"3":0,"4":0,"5":0,"6":0,"7":0,"8":0,"9":0},"b":{"0":[0,0],"1":[0,0],"2":[0,0]}}
,"C:\\Users\\agust\\OneDrive\\Escritorio\\Facultad\\Equilibrio-app\\apps\\backend\\src\\repositories\\SqliteTransactionRepository.ts": {"path":"C:\\Users\\agust\\OneDrive\\Escritorio\\Facultad\\Equilibrio-app\\apps\\backend\\src\\repositories\\SqliteTransactionRepository.ts","statementMap":{"0":{"start":{"line":2,"column":0},"end":{"line":2,"column":null}},"1":{"start":{"line":25,"column":31},"end":{"line":25,"column":43}},"2":{"start":{"line":28,"column":4},"end":{"line":45,"column":9}},"3":{"start":{"line":49,"column":19},"end":{"line":74,"column":8}},"4":{"start":{"line":76,"column":4},"end":{"line":76,"column":30}},"5":{"start":{"line":80,"column":17},"end":{"line":84,"column":32}},"6":{"start":{"line":86,"column":4},"end":{"line":86,"column":54}},"7":{"start":{"line":86,"column":29},"end":{"line":86,"column":52}},"8":{"start":{"line":99,"column":8},"end":{"line":99,"column":15}},"9":{"start":{"line":101,"column":23},"end":{"line":103,"column":14}},"10":{"start":{"line":104,"column":26},"end":{"line":104,"column":62}},"11":{"start":{"line":105,"column":21},"end":{"line":105,"column":77}},"12":{"start":{"line":107,"column":6},"end":{"line":109,"column":12}},"13":{"start":{"line":111,"column":35},"end":{"line":111,"column":37}},"14":{"start":{"line":112,"column":30},"end":{"line":112,"column":32}},"15":{"start":{"line":114,"column":4},"end":{"line":117,"column":5}},"16":{"start":{"line":115,"column":6},"end":{"line":115,"column":38}},"17":{"start":{"line":116,"column":6},"end":{"line":116,"column":26}},"18":{"start":{"line":119,"column":4},"end":{"line":122,"column":5}},"19":{"start":{"line":120,"column":6},"end":{"line":120,"column":39}},"20":{"start":{"line":121,"column":6},"end":{"line":121,"column":27}},"21":{"start":{"line":124,"column":21},"end":{"line":124,"column":89}},"22":{"start":{"line":126,"column":21},"end":{"line":128,"column":42}},"23":{"start":{"line":130,"column":19},"end":{"line":130,"column":48}},"24":{"start":{"line":132,"column":17},"end":{"line":142,"column":63}},"25":{"start":{"line":144,"column":4},"end":{"line":149,"column":6}},"26":{"start":{"line":145,"column":30},"end":{"line":145,"column":53}},"27":{"start":{"line":153,"column":16},"end":{"line":157,"column":44}},"28":{"start":{"line":159,"column":4},"end":{"line":159,"column":48}},"29":{"start":{"line":163,"column":19},"end":{"line":165,"column":14}},"30":{"start":{"line":167,"column":4},"end":{"line":167,"column":30}},"31":{"start":{"line":171,"column":17},"end":{"line":175,"column":38}},"32":{"start":{"line":177,"column":4},"end":{"line":177,"column":54}},"33":{"start":{"line":177,"column":29},"end":{"line":177,"column":52}},"34":{"start":{"line":184,"column":17},"end":{"line":188,"column":47}},"35":{"start":{"line":190,"column":4},"end":{"line":190,"column":54}},"36":{"start":{"line":190,"column":29},"end":{"line":190,"column":52}},"37":{"start":{"line":194,"column":4},"end":{"line":204,"column":6}},"38":{"start":{"line":24,"column":0},"end":{"line":24,"column":13}}},"fnMap":{"0":{"name":"(anonymous_0)","decl":{"start":{"line":25,"column":2},"end":{"line":25,"column":31}},"loc":{"start":{"line":25,"column":43},"end":{"line":25,"column":47}}},"1":{"name":"(anonymous_1)","decl":{"start":{"line":27,"column":2},"end":{"line":27,"column":7}},"loc":{"start":{"line":27,"column":37},"end":{"line":46,"column":3}}},"2":{"name":"(anonymous_2)","decl":{"start":{"line":48,"column":2},"end":{"line":48,"column":7}},"loc":{"start":{"line":48,"column":55},"end":{"line":77,"column":3}}},"3":{"name":"(anonymous_3)","decl":{"start":{"line":79,"column":2},"end":{"line":79,"column":7}},"loc":{"start":{"line":79,"column":15},"end":{"line":87,"column":3}}},"4":{"name":"(anonymous_4)","decl":{"start":{"line":86,"column":20},"end":{"line":86,"column":21}},"loc":{"start":{"line":86,"column":29},"end":{"line":86,"column":52}}},"5":{"name":"(anonymous_5)","decl":{"start":{"line":89,"column":2},"end":{"line":89,"column":7}},"loc":{"start":{"line":90,"column":41},"end":{"line":150,"column":3}}},"6":{"name":"(anonymous_6)","decl":{"start":{"line":145,"column":21},"end":{"line":145,"column":22}},"loc":{"start":{"line":145,"column":30},"end":{"line":145,"column":53}}},"7":{"name":"(anonymous_7)","decl":{"start":{"line":152,"column":2},"end":{"line":152,"column":7}},"loc":{"start":{"line":152,"column":27},"end":{"line":160,"column":3}}},"8":{"name":"(anonymous_8)","decl":{"start":{"line":162,"column":2},"end":{"line":162,"column":7}},"loc":{"start":{"line":162,"column":29},"end":{"line":168,"column":3}}},"9":{"name":"(anonymous_9)","decl":{"start":{"line":170,"column":2},"end":{"line":170,"column":7}},"loc":{"start":{"line":170,"column":35},"end":{"line":178,"column":3}}},"10":{"name":"(anonymous_10)","decl":{"start":{"line":177,"column":20},"end":{"line":177,"column":21}},"loc":{"start":{"line":177,"column":29},"end":{"line":177,"column":52}}},"11":{"name":"(anonymous_11)","decl":{"start":{"line":180,"column":2},"end":{"line":180,"column":7}},"loc":{"start":{"line":182,"column":19},"end":{"line":191,"column":3}}},"12":{"name":"(anonymous_12)","decl":{"start":{"line":190,"column":20},"end":{"line":190,"column":21}},"loc":{"start":{"line":190,"column":29},"end":{"line":190,"column":52}}},"13":{"name":"(anonymous_13)","decl":{"start":{"line":193,"column":10},"end":{"line":193,"column":23}},"loc":{"start":{"line":193,"column":43},"end":{"line":205,"column":3}}}},"branchMap":{"0":{"loc":{"start":{"line":90,"column":4},"end":{"line":90,"column":41}},"type":"default-arg","locations":[{"start":{"line":90,"column":39},"end":{"line":90,"column":41}}]},"1":{"loc":{"start":{"line":95,"column":6},"end":{"line":95,"column":14}},"type":"default-arg","locations":[{"start":{"line":95,"column":13},"end":{"line":95,"column":14}}]},"2":{"loc":{"start":{"line":96,"column":6},"end":{"line":96,"column":19}},"type":"default-arg","locations":[{"start":{"line":96,"column":17},"end":{"line":96,"column":19}}]},"3":{"loc":{"start":{"line":97,"column":6},"end":{"line":97,"column":21}},"type":"default-arg","locations":[{"start":{"line":97,"column":15},"end":{"line":97,"column":21}}]},"4":{"loc":{"start":{"line":98,"column":6},"end":{"line":98,"column":24}},"type":"default-arg","locations":[{"start":{"line":98,"column":18},"end":{"line":98,"column":24}}]},"5":{"loc":{"start":{"line":101,"column":23},"end":{"line":103,"column":14}},"type":"cond-expr","locations":[{"start":{"line":102,"column":8},"end":{"line":102,"column":14}},{"start":{"line":103,"column":8},"end":{"line":103,"column":14}}]},"6":{"loc":{"start":{"line":104,"column":26},"end":{"line":104,"column":62}},"type":"cond-expr","locations":[{"start":{"line":104,"column":48},"end":{"line":104,"column":53}},{"start":{"line":104,"column":56},"end":{"line":104,"column":62}}]},"7":{"loc":{"start":{"line":105,"column":21},"end":{"line":105,"column":77}},"type":"cond-expr","locations":[{"start":{"line":105,"column":57},"end":{"line":105,"column":73}},{"start":{"line":105,"column":76},"end":{"line":105,"column":77}}]},"8":{"loc":{"start":{"line":105,"column":21},"end":{"line":105,"column":54}},"type":"binary-expr","locations":[{"start":{"line":105,"column":21},"end":{"line":105,"column":42}},{"start":{"line":105,"column":46},"end":{"line":105,"column":54}}]},"9":{"loc":{"start":{"line":107,"column":6},"end":{"line":109,"column":12}},"type":"cond-expr","locations":[{"start":{"line":108,"column":10},"end":{"line":108,"column":30}},{"start":{"line":109,"column":10},"end":{"line":109,"column":12}}]},"10":{"loc":{"start":{"line":107,"column":6},"end":{"line":107,"column":66}},"type":"binary-expr","locations":[{"start":{"line":107,"column":6},"end":{"line":107,"column":31}},{"start":{"line":107,"column":35},"end":{"line":107,"column":47}},{"start":{"line":107,"column":51},"end":{"line":107,"column":66}}]},"11":{"loc":{"start":{"line":114,"column":4},"end":{"line":117,"column":5}},"type":"if","locations":[{"start":{"line":114,"column":4},"end":{"line":117,"column":5}}]},"12":{"loc":{"start":{"line":119,"column":4},"end":{"line":122,"column":5}},"type":"if","locations":[{"start":{"line":119,"column":4},"end":{"line":122,"column":5}}]},"13":{"loc":{"start":{"line":124,"column":21},"end":{"line":124,"column":89}},"type":"cond-expr","locations":[{"start":{"line":124,"column":47},"end":{"line":124,"column":84}},{"start":{"line":124,"column":87},"end":{"line":124,"column":89}}]},"14":{"loc":{"start":{"line":159,"column":11},"end":{"line":159,"column":47}},"type":"cond-expr","locations":[{"start":{"line":159,"column":17},"end":{"line":159,"column":40}},{"start":{"line":159,"column":43},"end":{"line":159,"column":47}}]}},"s":{"0":1,"1":1,"2":0,"3":0,"4":0,"5":0,"6":0,"7":0,"8":0,"9":0,"10":0,"11":0,"12":0,"13":0,"14":0,"15":0,"16":0,"17":0,"18":0,"19":0,"20":0,"21":0,"22":0,"23":0,"24":0,"25":0,"26":0,"27":0,"28":0,"29":0,"30":0,"31":1,"32":1,"33":1,"34":0,"35":0,"36":0,"37":1,"38":1},"f":{"0":1,"1":0,"2":0,"3":0,"4":0,"5":0,"6":0,"7":0,"8":0,"9":1,"10":1,"11":0,"12":0,"13":1},"b":{"0":[0],"1":[0],"2":[0],"3":[0],"4":[0],"5":[0,0],"6":[0,0],"7":[0,0],"8":[0,0],"9":[0,0],"10":[0,0,0],"11":[0],"12":[0],"13":[0,0],"14":[0,0]}}
,"C:\\Users\\agust\\OneDrive\\Escritorio\\Facultad\\Equilibrio-app\\apps\\backend\\src\\services\\TickerValidationService.ts": {"path":"C:\\Users\\agust\\OneDrive\\Escritorio\\Facultad\\Equilibrio-app\\apps\\backend\\src\\services\\TickerValidationService.ts","statementMap":{"0":{"start":{"line":1,"column":0},"end":{"line":1,"column":42}},"1":{"start":{"line":3,"column":21},"end":{"line":3,"column":39}},"2":{"start":{"line":6,"column":28},"end":{"line":45,"column":2}},"3":{"start":{"line":48,"column":10},"end":{"line":48,"column":51}},"4":{"start":{"line":49,"column":10},"end":{"line":49,"column":28}},"5":{"start":{"line":50,"column":10},"end":{"line":50,"column":42}},"6":{"start":{"line":56,"column":4},"end":{"line":58,"column":5}},"7":{"start":{"line":57,"column":6},"end":{"line":57,"column":19}},"8":{"start":{"line":60,"column":24},"end":{"line":60,"column":51}},"9":{"start":{"line":63,"column":4},"end":{"line":69,"column":5}},"10":{"start":{"line":64,"column":21},"end":{"line":64,"column":54}},"11":{"start":{"line":65,"column":18},"end":{"line":65,"column":28}},"12":{"start":{"line":66,"column":6},"end":{"line":68,"column":7}},"13":{"start":{"line":67,"column":8},"end":{"line":67,"column":31}},"14":{"start":{"line":71,"column":4},"end":{"line":81,"column":5}},"15":{"start":{"line":72,"column":20},"end":{"line":72,"column":57}},"16":{"start":{"line":73,"column":22},"end":{"line":74,"column":null}},"17":{"start":{"line":76,"column":6},"end":{"line":76,"column":49}},"18":{"start":{"line":77,"column":6},"end":{"line":77,"column":21}},"19":{"start":{"line":79,"column":6},"end":{"line":79,"column":47}},"20":{"start":{"line":80,"column":6},"end":{"line":80,"column":19}},"21":{"start":{"line":88,"column":4},"end":{"line":88,"column":31}},"22":{"start":{"line":95,"column":20},"end":{"line":95,"column":81}},"23":{"start":{"line":95,"column":57},"end":{"line":95,"column":79}},"24":{"start":{"line":96,"column":4},"end":{"line":96,"column":70}},"25":{"start":{"line":96,"column":52},"end":{"line":96,"column":67}},"26":{"start":{"line":47,"column":0},"end":{"line":47,"column":13}},"27":{"start":{"line":100,"column":13},"end":{"line":100,"column":69}}},"fnMap":{"0":{"name":"(anonymous_1)","decl":{"start":{"line":47,"column":0},"end":{"line":47,"column":13}},"loc":{"start":{"line":47,"column":0},"end":{"line":98,"column":1}}},"1":{"name":"(anonymous_2)","decl":{"start":{"line":55,"column":2},"end":{"line":55,"column":7}},"loc":{"start":{"line":55,"column":37},"end":{"line":82,"column":3}}},"2":{"name":"(anonymous_3)","decl":{"start":{"line":87,"column":2},"end":{"line":87,"column":21}},"loc":{"start":{"line":87,"column":21},"end":{"line":89,"column":3}}},"3":{"name":"(anonymous_4)","decl":{"start":{"line":94,"column":2},"end":{"line":94,"column":7}},"loc":{"start":{"line":94,"column":41},"end":{"line":97,"column":3}}},"4":{"name":"(anonymous_5)","decl":{"start":{"line":95,"column":50},"end":{"line":95,"column":51}},"loc":{"start":{"line":95,"column":57},"end":{"line":95,"column":79}}},"5":{"name":"(anonymous_6)","decl":{"start":{"line":96,"column":42},"end":{"line":96,"column":43}},"loc":{"start":{"line":96,"column":52},"end":{"line":96,"column":67}}}},"branchMap":{"0":{"loc":{"start":{"line":56,"column":4},"end":{"line":58,"column":5}},"type":"if","locations":[{"start":{"line":56,"column":4},"end":{"line":58,"column":5}}]},"1":{"loc":{"start":{"line":56,"column":8},"end":{"line":56,"column":45}},"type":"binary-expr","locations":[{"start":{"line":56,"column":8},"end":{"line":56,"column":15}},{"start":{"line":56,"column":19},"end":{"line":56,"column":45}}]},"2":{"loc":{"start":{"line":63,"column":4},"end":{"line":69,"column":5}},"type":"if","locations":[{"start":{"line":63,"column":4},"end":{"line":69,"column":5}}]},"3":{"loc":{"start":{"line":66,"column":6},"end":{"line":68,"column":7}},"type":"if","locations":[{"start":{"line":66,"column":6},"end":{"line":68,"column":7}}]},"4":{"loc":{"start":{"line":67,"column":15},"end":{"line":67,"column":30}},"type":"binary-expr","locations":[{"start":{"line":67,"column":15},"end":{"line":67,"column":21}},{"start":{"line":67,"column":25},"end":{"line":67,"column":30}}]},"5":{"loc":{"start":{"line":74,"column":8},"end":{"line":74,"column":79}},"type":"binary-expr","locations":[{"start":{"line":74,"column":8},"end":{"line":74,"column":13}},{"start":{"line":74,"column":18},"end":{"line":74,"column":79}}]}},"s":{"0":1,"1":1,"2":1,"3":1,"4":1,"5":1,"6":0,"7":0,"8":0,"9":0,"10":0,"11":0,"12":0,"13":0,"14":0,"15":0,"16":0,"17":0,"18":0,"19":0,"20":0,"21":0,"22":0,"23":0,"24":0,"25":0,"26":1,"27":1},"f":{"0":1,"1":0,"2":0,"3":0,"4":0,"5":0},"b":{"0":[0],"1":[0,0],"2":[0],"3":[0],"4":[0,0],"5":[0,0]}}
}
