TN:
SF:src\index.ts
FN:64,(anonymous_1)
FN:77,(anonymous_2)
FN:85,(anonymous_3)
FN:95,(anonymous_4)
FN:106,(anonymous_5)
FN:122,(anonymous_6)
FN:130,(anonymous_7)
FN:141,(anonymous_8)
FN:166,(anonymous_9)
FN:209,(anonymous_10)
FN:225,(anonymous_11)
FN:237,(anonymous_12)
FN:249,(anonymous_13)
FN:265,(anonymous_14)
FN:275,(anonymous_15)
FN:291,(anonymous_16)
FN:336,(anonymous_17)
FN:390,(anonymous_18)
FN:396,(anonymous_19)
FN:410,(anonymous_20)
FN:427,(anonymous_21)
FN:438,(anonymous_22)
FNF:22
FNH:1
FNDA:0,(anonymous_1)
FNDA:0,(anonymous_2)
FNDA:0,(anonymous_3)
FNDA:0,(anonymous_4)
FNDA:0,(anonymous_5)
FNDA:0,(anonymous_6)
FNDA:0,(anonymous_7)
FNDA:0,(anonymous_8)
FNDA:0,(anonymous_9)
FNDA:0,(anonymous_10)
FNDA:1,(anonymous_11)
FNDA:0,(anonymous_12)
FNDA:0,(anonymous_13)
FNDA:0,(anonymous_14)
FNDA:0,(anonymous_15)
FNDA:0,(anonymous_16)
FNDA:0,(anonymous_17)
FNDA:0,(anonymous_18)
FNDA:0,(anonymous_19)
FNDA:0,(anonymous_20)
FNDA:0,(anonymous_21)
FNDA:0,(anonymous_22)
DA:1,1
DA:2,1
DA:3,1
DA:4,1
DA:5,1
DA:6,1
DA:7,1
DA:16,1
DA:17,1
DA:18,1
DA:19,1
DA:20,1
DA:21,1
DA:22,1
DA:24,1
DA:25,1
DA:29,1
DA:31,1
DA:32,1
DA:34,0
DA:35,0
DA:38,1
DA:39,1
DA:40,1
DA:41,1
DA:42,1
DA:43,1
DA:44,1
DA:45,1
DA:50,1
DA:54,1
DA:60,1
DA:61,0
DA:64,1
DA:65,0
DA:66,0
DA:69,0
DA:70,0
DA:71,0
DA:74,0
DA:77,1
DA:78,0
DA:79,0
DA:82,0
DA:85,1
DA:86,0
DA:87,0
DA:90,0
DA:95,1
DA:96,0
DA:97,0
DA:100,0
DA:103,1
DA:104,1
DA:106,1
DA:107,0
DA:122,1
DA:123,0
DA:130,1
DA:131,0
DA:132,0
DA:134,0
DA:136,0
DA:137,0
DA:141,1
DA:142,0
DA:143,0
DA:144,0
DA:145,0
DA:146,0
DA:147,0
DA:148,0
DA:150,0
DA:159,0
DA:161,0
DA:162,0
DA:166,1
DA:167,0
DA:168,0
DA:178,0
DA:180,0
DA:181,0
DA:184,0
DA:185,0
DA:186,0
DA:189,0
DA:201,0
DA:202,0
DA:204,0
DA:205,0
DA:209,1
DA:210,0
DA:211,0
DA:212,0
DA:214,0
DA:215,0
DA:218,0
DA:220,0
DA:221,0
DA:225,1
DA:226,1
DA:227,1
DA:228,1
DA:230,1
DA:232,0
DA:233,0
DA:237,1
DA:238,0
DA:239,0
DA:240,0
DA:242,0
DA:244,0
DA:245,0
DA:249,1
DA:250,0
DA:251,0
DA:252,0
DA:254,0
DA:255,0
DA:258,0
DA:260,0
DA:261,0
DA:265,1
DA:266,0
DA:267,0
DA:268,0
DA:270,0
DA:271,0
DA:275,1
DA:276,0
DA:277,0
DA:279,0
DA:280,0
DA:283,0
DA:284,0
DA:286,0
DA:287,0
DA:291,1
DA:292,0
DA:303,0
DA:306,0
DA:307,0
DA:308,0
DA:313,0
DA:325,0
DA:327,0
DA:328,0
DA:331,0
DA:332,0
DA:336,1
DA:337,0
DA:343,0
DA:345,0
DA:346,0
DA:349,0
DA:350,0
DA:353,0
DA:354,0
DA:358,0
DA:359,0
DA:360,0
DA:365,0
DA:374,0
DA:376,0
DA:385,0
DA:386,0
DA:390,1
DA:391,0
DA:392,0
DA:394,0
DA:396,0
DA:405,0
DA:406,0
DA:410,1
DA:411,0
DA:412,0
DA:414,0
DA:416,0
DA:417,0
DA:420,0
DA:422,0
DA:423,0
DA:427,1
DA:428,0
DA:429,0
DA:433,1
DA:434,1
DA:437,1
DA:438,0
DA:439,0
LF:190
LH:59
BRDA:31,0,0,1
BRDA:31,0,1,0
BRDA:60,1,0,0
BRDA:65,2,0,0
BRDA:70,3,0,0
BRDA:70,4,0,0
BRDA:70,4,1,0
BRDA:78,5,0,0
BRDA:78,6,0,0
BRDA:78,6,1,0
BRDA:78,6,2,0
BRDA:86,7,0,0
BRDA:86,8,0,0
BRDA:86,8,1,0
BRDA:96,9,0,0
BRDA:96,10,0,0
BRDA:96,10,1,0
BRDA:136,11,0,0
BRDA:136,11,1,0
BRDA:143,12,0,0
BRDA:143,12,1,0
BRDA:144,13,0,0
BRDA:144,13,1,0
BRDA:161,14,0,0
BRDA:161,14,1,0
BRDA:168,15,0,0
BRDA:168,15,1,0
BRDA:180,16,0,0
BRDA:185,17,0,0
BRDA:204,18,0,0
BRDA:204,18,1,0
BRDA:211,19,0,0
BRDA:211,19,1,0
BRDA:214,20,0,0
BRDA:220,21,0,0
BRDA:220,21,1,0
BRDA:227,22,0,0
BRDA:227,22,1,1
BRDA:232,23,0,0
BRDA:232,23,1,0
BRDA:239,24,0,0
BRDA:239,24,1,0
BRDA:244,25,0,0
BRDA:244,25,1,0
BRDA:251,26,0,0
BRDA:251,26,1,0
BRDA:254,27,0,0
BRDA:260,28,0,0
BRDA:260,28,1,0
BRDA:270,29,0,0
BRDA:270,29,1,0
BRDA:279,30,0,0
BRDA:279,31,0,0
BRDA:279,31,1,0
BRDA:286,32,0,0
BRDA:286,32,1,0
BRDA:307,33,0,0
BRDA:327,34,0,0
BRDA:327,35,0,0
BRDA:327,35,1,0
BRDA:331,36,0,0
BRDA:331,36,1,0
BRDA:345,37,0,0
BRDA:345,38,0,0
BRDA:345,38,1,0
BRDA:345,38,2,0
BRDA:345,38,3,0
BRDA:349,39,0,0
BRDA:349,40,0,0
BRDA:349,40,1,0
BRDA:353,41,0,0
BRDA:353,42,0,0
BRDA:353,42,1,0
BRDA:359,43,0,0
BRDA:385,44,0,0
BRDA:385,44,1,0
BRDA:392,45,0,0
BRDA:392,45,1,0
BRDA:405,46,0,0
BRDA:405,46,1,0
BRDA:412,47,0,0
BRDA:412,47,1,0
BRDA:416,48,0,0
BRDA:422,49,0,0
BRDA:422,49,1,0
BRDA:437,50,0,0
BRF:86
BRH:2
end_of_record
TN:
SF:src\database\migrations.ts
FN:13,(anonymous_0)
FN:33,(anonymous_1)
FN:48,(anonymous_2)
FN:57,(anonymous_3)
FN:85,runMigrations
FN:100,(anonymous_5)
FN:107,(anonymous_6)
FNF:7
FNH:6
FNDA:1,(anonymous_0)
FNDA:1,(anonymous_1)
FNDA:1,(anonymous_2)
FNDA:1,(anonymous_3)
FNDA:1,runMigrations
FNDA:0,(anonymous_5)
FNDA:4,(anonymous_6)
DA:9,1
DA:14,1
DA:34,1
DA:37,1
DA:40,1
DA:49,1
DA:58,1
DA:72,1
DA:75,1
DA:78,1
DA:85,1
DA:86,1
DA:96,1
DA:100,1
DA:102,1
DA:103,4
DA:104,0
DA:107,4
DA:108,4
DA:109,4
DA:114,4
DA:117,1
LF:22
LH:21
BRDA:103,0,0,0
BRF:1
BRH:0
end_of_record
TN:
SF:src\jobs\priceAlertsJob.ts
FN:4,startPriceAlertsCronJob
FN:6,(anonymous_2)
FN:13,(anonymous_3)
FNF:3
FNH:0
FNDA:0,startPriceAlertsCronJob
FNDA:0,(anonymous_2)
FNDA:0,(anonymous_3)
DA:1,1
DA:4,1
DA:6,0
DA:7,0
DA:8,0
DA:9,0
DA:11,0
DA:12,0
DA:13,0
DA:14,0
DA:19,0
DA:22,0
DA:23,0
DA:27,0
LF:14
LH:2
BRDA:11,0,0,0
BRDA:11,0,1,0
BRDA:22,1,0,0
BRDA:22,1,1,0
BRF:4
BRH:0
end_of_record
TN:
SF:src\repositories\SqlitePriceAlertRepository.ts
FN:16,(anonymous_0)
FN:18,(anonymous_1)
FN:37,(anonymous_2)
FN:42,(anonymous_3)
FN:47,(anonymous_4)
FN:59,(anonymous_5)
FN:67,(anonymous_6)
FN:72,(anonymous_7)
FN:75,(anonymous_8)
FN:83,(anonymous_9)
FNF:10
FNH:1
FNDA:1,(anonymous_0)
FNDA:0,(anonymous_1)
FNDA:0,(anonymous_2)
FNDA:0,(anonymous_3)
FNDA:0,(anonymous_4)
FNDA:0,(anonymous_5)
FNDA:0,(anonymous_6)
FNDA:0,(anonymous_7)
FNDA:0,(anonymous_8)
FNDA:0,(anonymous_9)
DA:2,1
DA:15,1
DA:16,1
DA:19,0
DA:38,0
DA:42,0
DA:43,0
DA:48,0
DA:60,0
DA:64,0
DA:68,0
DA:72,0
DA:76,0
DA:80,0
DA:84,0
LF:15
LH:3
BRDA:32,0,0,0
BRDA:32,0,1,0
BRDA:64,1,0,0
BRDA:64,1,1,0
BRDA:80,2,0,0
BRDA:80,2,1,0
BRF:6
BRH:0
end_of_record
TN:
SF:src\repositories\SqliteTransactionRepository.ts
FN:25,(anonymous_0)
FN:27,(anonymous_1)
FN:48,(anonymous_2)
FN:79,(anonymous_3)
FN:86,(anonymous_4)
FN:89,(anonymous_5)
FN:145,(anonymous_6)
FN:152,(anonymous_7)
FN:162,(anonymous_8)
FN:170,(anonymous_9)
FN:177,(anonymous_10)
FN:180,(anonymous_11)
FN:190,(anonymous_12)
FN:193,(anonymous_13)
FNF:14
FNH:4
FNDA:1,(anonymous_0)
FNDA:0,(anonymous_1)
FNDA:0,(anonymous_2)
FNDA:0,(anonymous_3)
FNDA:0,(anonymous_4)
FNDA:0,(anonymous_5)
FNDA:0,(anonymous_6)
FNDA:0,(anonymous_7)
FNDA:0,(anonymous_8)
FNDA:1,(anonymous_9)
FNDA:1,(anonymous_10)
FNDA:0,(anonymous_11)
FNDA:0,(anonymous_12)
FNDA:1,(anonymous_13)
DA:2,1
DA:24,1
DA:25,1
DA:28,0
DA:49,0
DA:76,0
DA:80,0
DA:86,0
DA:99,0
DA:101,0
DA:104,0
DA:105,0
DA:107,0
DA:111,0
DA:112,0
DA:114,0
DA:115,0
DA:116,0
DA:119,0
DA:120,0
DA:121,0
DA:124,0
DA:126,0
DA:130,0
DA:132,0
DA:144,0
DA:145,0
DA:153,0
DA:159,0
DA:163,0
DA:167,0
DA:171,1
DA:177,1
DA:184,0
DA:190,0
DA:194,1
LF:36
LH:6
BRDA:90,0,0,0
BRDA:95,1,0,0
BRDA:96,2,0,0
BRDA:97,3,0,0
BRDA:98,4,0,0
BRDA:101,5,0,0
BRDA:101,5,1,0
BRDA:104,6,0,0
BRDA:104,6,1,0
BRDA:105,7,0,0
BRDA:105,7,1,0
BRDA:105,8,0,0
BRDA:105,8,1,0
BRDA:107,9,0,0
BRDA:107,9,1,0
BRDA:107,10,0,0
BRDA:107,10,1,0
BRDA:107,10,2,0
BRDA:114,11,0,0
BRDA:119,12,0,0
BRDA:124,13,0,0
BRDA:124,13,1,0
BRDA:159,14,0,0
BRDA:159,14,1,0
BRF:24
BRH:0
end_of_record
TN:
SF:src\services\TickerValidationService.ts
FN:47,(anonymous_1)
FN:55,(anonymous_2)
FN:87,(anonymous_3)
FN:94,(anonymous_4)
FN:95,(anonymous_5)
FN:96,(anonymous_6)
FNF:6
FNH:1
FNDA:1,(anonymous_1)
FNDA:0,(anonymous_2)
FNDA:0,(anonymous_3)
FNDA:0,(anonymous_4)
FNDA:0,(anonymous_5)
FNDA:0,(anonymous_6)
DA:1,1
DA:3,1
DA:6,1
DA:47,1
DA:48,1
DA:49,1
DA:50,1
DA:56,0
DA:57,0
DA:60,0
DA:63,0
DA:64,0
DA:65,0
DA:66,0
DA:67,0
DA:71,0
DA:72,0
DA:73,0
DA:76,0
DA:77,0
DA:79,0
DA:80,0
DA:88,0
DA:95,0
DA:96,0
DA:100,1
LF:26
LH:8
BRDA:56,0,0,0
BRDA:56,1,0,0
BRDA:56,1,1,0
BRDA:63,2,0,0
BRDA:66,3,0,0
BRDA:67,4,0,0
BRDA:67,4,1,0
BRDA:74,5,0,0
BRDA:74,5,1,0
BRF:9
BRH:0
end_of_record
