TN:
SF:src\index.ts
FN:57,(anonymous_1)
FN:70,(anonymous_2)
FN:78,(anonymous_3)
FN:88,(anonymous_4)
FN:99,(anonymous_5)
FN:115,(anonymous_6)
FN:123,(anonymous_7)
FN:134,(anonymous_8)
FN:159,(anonymous_9)
FN:202,(anonymous_10)
FN:218,(anonymous_11)
FN:230,(anonymous_12)
FN:242,(anonymous_13)
FN:258,(anonymous_14)
FN:268,(anonymous_15)
FN:284,(anonymous_16)
FN:329,(anonymous_17)
FN:383,(anonymous_18)
FN:389,(anonymous_19)
FN:403,(anonymous_20)
FN:420,(anonymous_21)
FN:430,(anonymous_22)
FNF:22
FNH:1
FNDA:0,(anonymous_1)
FNDA:0,(anonymous_2)
FNDA:0,(anonymous_3)
FNDA:0,(anonymous_4)
FNDA:0,(anonymous_5)
FNDA:0,(anonymous_6)
FNDA:0,(anonymous_7)
FNDA:0,(anonymous_8)
FNDA:0,(anonymous_9)
FNDA:0,(anonymous_10)
FNDA:1,(anonymous_11)
FNDA:0,(anonymous_12)
FNDA:0,(anonymous_13)
FNDA:0,(anonymous_14)
FNDA:0,(anonymous_15)
FNDA:0,(anonymous_16)
FNDA:0,(anonymous_17)
FNDA:0,(anonymous_18)
FNDA:0,(anonymous_19)
FNDA:0,(anonymous_20)
FNDA:0,(anonymous_21)
FNDA:0,(anonymous_22)
DA:1,1
DA:2,1
DA:3,1
DA:4,1
DA:5,1
DA:6,1
DA:7,1
DA:16,1
DA:17,1
DA:18,1
DA:19,1
DA:20,1
DA:21,1
DA:22,1
DA:24,1
DA:25,1
DA:26,1
DA:27,1
DA:29,1
DA:31,1
DA:32,1
DA:33,1
DA:34,1
DA:35,1
DA:36,1
DA:37,1
DA:38,1
DA:43,1
DA:47,1
DA:53,1
DA:54,0
DA:57,1
DA:58,0
DA:59,0
DA:62,0
DA:63,0
DA:64,0
DA:67,0
DA:70,1
DA:71,0
DA:72,0
DA:75,0
DA:78,1
DA:79,0
DA:80,0
DA:83,0
DA:88,1
DA:89,0
DA:90,0
DA:93,0
DA:96,1
DA:97,1
DA:99,1
DA:100,0
DA:115,1
DA:116,0
DA:123,1
DA:124,0
DA:125,0
DA:127,0
DA:129,0
DA:130,0
DA:134,1
DA:135,0
DA:136,0
DA:137,0
DA:138,0
DA:139,0
DA:140,0
DA:141,0
DA:143,0
DA:152,0
DA:154,0
DA:155,0
DA:159,1
DA:160,0
DA:161,0
DA:171,0
DA:173,0
DA:174,0
DA:177,0
DA:178,0
DA:179,0
DA:182,0
DA:194,0
DA:195,0
DA:197,0
DA:198,0
DA:202,1
DA:203,0
DA:204,0
DA:205,0
DA:207,0
DA:208,0
DA:211,0
DA:213,0
DA:214,0
DA:218,1
DA:219,1
DA:220,1
DA:221,1
DA:223,1
DA:225,0
DA:226,0
DA:230,1
DA:231,0
DA:232,0
DA:233,0
DA:235,0
DA:237,0
DA:238,0
DA:242,1
DA:243,0
DA:244,0
DA:245,0
DA:247,0
DA:248,0
DA:251,0
DA:253,0
DA:254,0
DA:258,1
DA:259,0
DA:260,0
DA:261,0
DA:263,0
DA:264,0
DA:268,1
DA:269,0
DA:270,0
DA:272,0
DA:273,0
DA:276,0
DA:277,0
DA:279,0
DA:280,0
DA:284,1
DA:285,0
DA:296,0
DA:299,0
DA:300,0
DA:301,0
DA:306,0
DA:318,0
DA:320,0
DA:321,0
DA:324,0
DA:325,0
DA:329,1
DA:330,0
DA:336,0
DA:338,0
DA:339,0
DA:342,0
DA:343,0
DA:346,0
DA:347,0
DA:351,0
DA:352,0
DA:353,0
DA:358,0
DA:367,0
DA:369,0
DA:378,0
DA:379,0
DA:383,1
DA:384,0
DA:385,0
DA:387,0
DA:389,0
DA:398,0
DA:399,0
DA:403,1
DA:404,0
DA:405,0
DA:407,0
DA:409,0
DA:410,0
DA:413,0
DA:415,0
DA:416,0
DA:420,1
DA:421,0
DA:422,0
DA:426,1
DA:429,1
DA:430,0
DA:431,0
LF:187
LH:58
BRDA:53,0,0,0
BRDA:58,1,0,0
BRDA:63,2,0,0
BRDA:63,3,0,0
BRDA:63,3,1,0
BRDA:71,4,0,0
BRDA:71,5,0,0
BRDA:71,5,1,0
BRDA:71,5,2,0
BRDA:79,6,0,0
BRDA:79,7,0,0
BRDA:79,7,1,0
BRDA:89,8,0,0
BRDA:89,9,0,0
BRDA:89,9,1,0
BRDA:129,10,0,0
BRDA:129,10,1,0
BRDA:136,11,0,0
BRDA:136,11,1,0
BRDA:137,12,0,0
BRDA:137,12,1,0
BRDA:154,13,0,0
BRDA:154,13,1,0
BRDA:161,14,0,0
BRDA:161,14,1,0
BRDA:173,15,0,0
BRDA:178,16,0,0
BRDA:197,17,0,0
BRDA:197,17,1,0
BRDA:204,18,0,0
BRDA:204,18,1,0
BRDA:207,19,0,0
BRDA:213,20,0,0
BRDA:213,20,1,0
BRDA:220,21,0,0
BRDA:220,21,1,1
BRDA:225,22,0,0
BRDA:225,22,1,0
BRDA:232,23,0,0
BRDA:232,23,1,0
BRDA:237,24,0,0
BRDA:237,24,1,0
BRDA:244,25,0,0
BRDA:244,25,1,0
BRDA:247,26,0,0
BRDA:253,27,0,0
BRDA:253,27,1,0
BRDA:263,28,0,0
BRDA:263,28,1,0
BRDA:272,29,0,0
BRDA:272,30,0,0
BRDA:272,30,1,0
BRDA:279,31,0,0
BRDA:279,31,1,0
BRDA:300,32,0,0
BRDA:320,33,0,0
BRDA:320,34,0,0
BRDA:320,34,1,0
BRDA:324,35,0,0
BRDA:324,35,1,0
BRDA:338,36,0,0
BRDA:338,37,0,0
BRDA:338,37,1,0
BRDA:338,37,2,0
BRDA:338,37,3,0
BRDA:342,38,0,0
BRDA:342,39,0,0
BRDA:342,39,1,0
BRDA:346,40,0,0
BRDA:346,41,0,0
BRDA:346,41,1,0
BRDA:352,42,0,0
BRDA:378,43,0,0
BRDA:378,43,1,0
BRDA:385,44,0,0
BRDA:385,44,1,0
BRDA:398,45,0,0
BRDA:398,45,1,0
BRDA:405,46,0,0
BRDA:405,46,1,0
BRDA:409,47,0,0
BRDA:415,48,0,0
BRDA:415,48,1,0
BRDA:429,49,0,0
BRF:84
BRH:1
end_of_record
TN:
SF:src\database\migrations.ts
FN:13,(anonymous_0)
FN:33,(anonymous_1)
FN:48,(anonymous_2)
FN:57,(anonymous_3)
FN:85,runMigrations
FN:100,(anonymous_5)
FN:107,(anonymous_6)
FNF:7
FNH:2
FNDA:0,(anonymous_0)
FNDA:0,(anonymous_1)
FNDA:0,(anonymous_2)
FNDA:0,(anonymous_3)
FNDA:1,runMigrations
FNDA:4,(anonymous_5)
FNDA:0,(anonymous_6)
DA:9,1
DA:14,0
DA:34,0
DA:37,0
DA:40,0
DA:49,0
DA:58,0
DA:72,0
DA:75,0
DA:78,0
DA:85,1
DA:86,1
DA:96,1
DA:100,4
DA:102,1
DA:103,4
DA:104,4
DA:107,0
DA:108,0
DA:109,0
DA:114,0
DA:117,1
LF:22
LH:9
BRDA:103,0,0,4
BRF:1
BRH:1
end_of_record
TN:
SF:src\jobs\priceAlertsJob.ts
FN:4,startPriceAlertsCronJob
FN:6,(anonymous_2)
FN:13,(anonymous_3)
FNF:3
FNH:0
FNDA:0,startPriceAlertsCronJob
FNDA:0,(anonymous_2)
FNDA:0,(anonymous_3)
DA:1,1
DA:4,1
DA:6,0
DA:7,0
DA:8,0
DA:9,0
DA:11,0
DA:12,0
DA:13,0
DA:14,0
DA:19,0
DA:22,0
DA:23,0
DA:27,0
LF:14
LH:2
BRDA:11,0,0,0
BRDA:11,0,1,0
BRDA:22,1,0,0
BRDA:22,1,1,0
BRF:4
BRH:0
end_of_record
TN:
SF:src\repositories\SqlitePriceAlertRepository.ts
FN:16,(anonymous_0)
FN:18,(anonymous_1)
FN:37,(anonymous_2)
FN:42,(anonymous_3)
FN:47,(anonymous_4)
FN:59,(anonymous_5)
FN:67,(anonymous_6)
FN:72,(anonymous_7)
FN:75,(anonymous_8)
FN:83,(anonymous_9)
FNF:10
FNH:1
FNDA:1,(anonymous_0)
FNDA:0,(anonymous_1)
FNDA:0,(anonymous_2)
FNDA:0,(anonymous_3)
FNDA:0,(anonymous_4)
FNDA:0,(anonymous_5)
FNDA:0,(anonymous_6)
FNDA:0,(anonymous_7)
FNDA:0,(anonymous_8)
FNDA:0,(anonymous_9)
DA:2,1
DA:15,1
DA:16,1
DA:19,0
DA:38,0
DA:42,0
DA:43,0
DA:48,0
DA:60,0
DA:64,0
DA:68,0
DA:72,0
DA:76,0
DA:80,0
DA:84,0
LF:15
LH:3
BRDA:32,0,0,0
BRDA:32,0,1,0
BRDA:64,1,0,0
BRDA:64,1,1,0
BRDA:80,2,0,0
BRDA:80,2,1,0
BRF:6
BRH:0
end_of_record
TN:
SF:src\repositories\SqliteTransactionRepository.ts
FN:25,(anonymous_0)
FN:27,(anonymous_1)
FN:48,(anonymous_2)
FN:79,(anonymous_3)
FN:86,(anonymous_4)
FN:89,(anonymous_5)
FN:145,(anonymous_6)
FN:152,(anonymous_7)
FN:162,(anonymous_8)
FN:170,(anonymous_9)
FN:177,(anonymous_10)
FN:180,(anonymous_11)
FN:190,(anonymous_12)
FN:193,(anonymous_13)
FNF:14
FNH:4
FNDA:1,(anonymous_0)
FNDA:0,(anonymous_1)
FNDA:0,(anonymous_2)
FNDA:0,(anonymous_3)
FNDA:0,(anonymous_4)
FNDA:0,(anonymous_5)
FNDA:0,(anonymous_6)
FNDA:0,(anonymous_7)
FNDA:0,(anonymous_8)
FNDA:1,(anonymous_9)
FNDA:1,(anonymous_10)
FNDA:0,(anonymous_11)
FNDA:0,(anonymous_12)
FNDA:1,(anonymous_13)
DA:2,1
DA:24,1
DA:25,1
DA:28,0
DA:49,0
DA:76,0
DA:80,0
DA:86,0
DA:99,0
DA:101,0
DA:104,0
DA:105,0
DA:107,0
DA:111,0
DA:112,0
DA:114,0
DA:115,0
DA:116,0
DA:119,0
DA:120,0
DA:121,0
DA:124,0
DA:126,0
DA:130,0
DA:132,0
DA:144,0
DA:145,0
DA:153,0
DA:159,0
DA:163,0
DA:167,0
DA:171,1
DA:177,1
DA:184,0
DA:190,0
DA:194,1
LF:36
LH:6
BRDA:90,0,0,0
BRDA:95,1,0,0
BRDA:96,2,0,0
BRDA:97,3,0,0
BRDA:98,4,0,0
BRDA:101,5,0,0
BRDA:101,5,1,0
BRDA:104,6,0,0
BRDA:104,6,1,0
BRDA:105,7,0,0
BRDA:105,7,1,0
BRDA:105,8,0,0
BRDA:105,8,1,0
BRDA:107,9,0,0
BRDA:107,9,1,0
BRDA:107,10,0,0
BRDA:107,10,1,0
BRDA:107,10,2,0
BRDA:114,11,0,0
BRDA:119,12,0,0
BRDA:124,13,0,0
BRDA:124,13,1,0
BRDA:159,14,0,0
BRDA:159,14,1,0
BRF:24
BRH:0
end_of_record
TN:
SF:src\services\DolarApiService.ts
FN:4,(anonymous_0)
FN:25,(anonymous_1)
FNF:2
FNH:2
FNDA:1,(anonymous_0)
FNDA:4,(anonymous_1)
DA:3,1
DA:5,1
DA:6,0
DA:9,1
DA:10,1
DA:12,1
DA:13,0
DA:14,0
DA:17,1
DA:19,1
DA:20,0
DA:21,0
DA:25,4
DA:27,1
DA:28,0
DA:29,0
DA:32,1
DA:33,1
DA:35,0
DA:36,0
LF:20
LH:11
BRDA:5,0,0,0
BRDA:12,1,0,0
BRDA:19,2,0,0
BRDA:27,3,0,0
BRDA:27,4,0,1
BRDA:27,4,1,1
BRDA:27,4,2,1
BRDA:35,5,0,0
BRDA:35,5,1,0
BRF:9
BRH:3
end_of_record
TN:
SF:src\services\TickerValidationService.ts
FN:47,(anonymous_1)
FN:55,(anonymous_2)
FN:87,(anonymous_3)
FN:94,(anonymous_4)
FN:95,(anonymous_5)
FN:96,(anonymous_6)
FNF:6
FNH:1
FNDA:1,(anonymous_1)
FNDA:0,(anonymous_2)
FNDA:0,(anonymous_3)
FNDA:0,(anonymous_4)
FNDA:0,(anonymous_5)
FNDA:0,(anonymous_6)
DA:1,1
DA:3,1
DA:6,1
DA:47,1
DA:48,1
DA:49,1
DA:50,1
DA:56,0
DA:57,0
DA:60,0
DA:63,0
DA:64,0
DA:65,0
DA:66,0
DA:67,0
DA:71,0
DA:72,0
DA:73,0
DA:76,0
DA:77,0
DA:79,0
DA:80,0
DA:88,0
DA:95,0
DA:96,0
DA:100,1
LF:26
LH:8
BRDA:56,0,0,0
BRDA:56,1,0,0
BRDA:56,1,1,0
BRDA:63,2,0,0
BRDA:66,3,0,0
BRDA:67,4,0,0
BRDA:67,4,1,0
BRDA:74,5,0,0
BRDA:74,5,1,0
BRF:9
BRH:0
end_of_record
TN:
SF:src\services\YahooFinanceService.ts
FN:7,(anonymous_1)
FN:22,(anonymous_2)
FN:45,(anonymous_3)
FN:58,(anonymous_4)
FNF:4
FNH:1
FNDA:1,(anonymous_1)
FNDA:0,(anonymous_2)
FNDA:0,(anonymous_3)
FNDA:0,(anonymous_4)
DA:1,1
DA:4,1
DA:6,1
DA:8,1
DA:9,1
DA:10,0
DA:12,0
DA:13,0
DA:16,0
DA:18,1
DA:26,0
DA:27,0
DA:30,0
DA:31,0
DA:32,0
DA:34,0
DA:44,0
DA:46,0
DA:47,0
DA:48,0
DA:49,0
DA:51,0
DA:58,0
DA:60,0
LF:24
LH:6
BRDA:12,0,0,0
BRDA:12,1,0,0
BRDA:12,1,1,0
BRDA:26,2,0,0
BRDA:48,3,0,0
BRDA:48,3,1,0
BRDA:53,4,0,0
BRDA:53,4,1,0
BRDA:53,5,0,0
BRDA:53,5,1,0
BRF:10
BRH:0
end_of_record
